<?xml version="1.0" encoding="UTF-8"?>
<coverage generated="1736116919732" clover="3.2.0">
  <project timestamp="1736116919733" name="All files">
    <metrics statements="235" coveredstatements="229" conditionals="141" coveredconditionals="130" methods="63" coveredmethods="61" elements="439" coveredelements="420" complexity="0" loc="235" ncloc="235" packages="8" files="23" classes="23"/>
    <package name="components.ComparisonView">
      <metrics statements="35" coveredstatements="31" conditionals="18" coveredconditionals="17" methods="7" coveredmethods="5"/>
      <file name="ComparisonView.tsx" path="/Users/zaidsaheb/Desktop/gitstats/src/components/ComparisonView/ComparisonView.tsx">
        <metrics statements="21" coveredstatements="17" conditionals="14" coveredconditionals="13" methods="4" coveredmethods="2"/>
        <line num="1" count="1" type="stmt"/>
        <line num="2" count="1" type="stmt"/>
        <line num="3" count="1" type="stmt"/>
        <line num="4" count="1" type="stmt"/>
        <line num="5" count="1" type="stmt"/>
        <line num="6" count="1" type="stmt"/>
        <line num="7" count="1" type="stmt"/>
        <line num="20" count="1" type="stmt"/>
        <line num="21" count="5" type="cond" truecount="2" falsecount="0"/>
        <line num="22" count="5" type="cond" truecount="2" falsecount="0"/>
        <line num="31" count="5" type="stmt"/>
        <line num="36" count="5" type="stmt"/>
        <line num="37" count="0" type="stmt"/>
        <line num="38" count="0" type="stmt"/>
        <line num="44" count="5" type="stmt"/>
        <line num="45" count="5" type="cond" truecount="2" falsecount="0"/>
        <line num="46" count="5" type="stmt"/>
        <line num="52" count="5" type="stmt"/>
        <line num="53" count="0" type="stmt"/>
        <line num="54" count="0" type="stmt"/>
        <line num="57" count="5" type="stmt"/>
      </file>
      <file name="ErrorDisplay.tsx" path="/Users/zaidsaheb/Desktop/gitstats/src/components/ComparisonView/ErrorDisplay.tsx">
        <metrics statements="14" coveredstatements="14" conditionals="4" coveredconditionals="4" methods="3" coveredmethods="3"/>
        <line num="2" count="2" type="stmt"/>
        <line num="45" count="2" type="stmt"/>
        <line num="46" count="8" type="stmt"/>
        <line num="48" count="8" type="cond" truecount="1" falsecount="0"/>
        <line num="62" count="7" type="stmt"/>
        <line num="63" count="7" type="cond" truecount="1" falsecount="0"/>
        <line num="64" count="1" type="stmt"/>
        <line num="66" count="6" type="cond" truecount="1" falsecount="0"/>
        <line num="67" count="1" type="stmt"/>
        <line num="69" count="5" type="cond" truecount="1" falsecount="0"/>
        <line num="70" count="1" type="stmt"/>
        <line num="72" count="4" type="stmt"/>
        <line num="75" count="7" type="stmt"/>
        <line num="85" count="1" type="stmt"/>
      </file>
    </package>
    <package name="components.MainView">
      <metrics statements="26" coveredstatements="25" conditionals="16" coveredconditionals="12" methods="6" coveredmethods="6"/>
      <file name="BackgroundEffects.tsx" path="/Users/zaidsaheb/Desktop/gitstats/src/components/MainView/BackgroundEffects.tsx">
        <metrics statements="2" coveredstatements="2" conditionals="0" coveredconditionals="0" methods="1" coveredmethods="1"/>
        <line num="37" count="1" type="stmt"/>
        <line num="38" count="3" type="stmt"/>
      </file>
      <file name="Logo.tsx" path="/Users/zaidsaheb/Desktop/gitstats/src/components/MainView/Logo.tsx">
        <metrics statements="2" coveredstatements="2" conditionals="1" coveredconditionals="0" methods="1" coveredmethods="1"/>
        <line num="46" count="1" type="cond" truecount="0" falsecount="1"/>
        <line num="47" count="6" type="stmt"/>
      </file>
      <file name="MainView.tsx" path="/Users/zaidsaheb/Desktop/gitstats/src/components/MainView/MainView.tsx">
        <metrics statements="12" coveredstatements="11" conditionals="11" coveredconditionals="10" methods="2" coveredmethods="2"/>
        <line num="1" count="1" type="stmt"/>
        <line num="2" count="1" type="stmt"/>
        <line num="3" count="1" type="stmt"/>
        <line num="4" count="1" type="stmt"/>
        <line num="5" count="1" type="stmt"/>
        <line num="6" count="1" type="stmt"/>
        <line num="36" count="1" type="stmt"/>
        <line num="38" count="3" type="stmt"/>
        <line num="40" count="3" type="stmt"/>
        <line num="41" count="2" type="cond" truecount="0" falsecount="1"/>
        <line num="42" count="0" type="stmt"/>
        <line num="46" count="3" type="stmt"/>
      </file>
      <file name="ThemeToggle.tsx" path="/Users/zaidsaheb/Desktop/gitstats/src/components/MainView/ThemeToggle.tsx">
        <metrics statements="6" coveredstatements="6" conditionals="4" coveredconditionals="2" methods="1" coveredmethods="1"/>
        <line num="1" count="1" type="stmt"/>
        <line num="2" count="1" type="stmt"/>
        <line num="3" count="1" type="stmt"/>
        <line num="23" count="1" type="stmt"/>
        <line num="24" count="4" type="stmt"/>
        <line num="26" count="3" type="stmt"/>
      </file>
      <file name="TopHeader.tsx" path="/Users/zaidsaheb/Desktop/gitstats/src/components/MainView/TopHeader.tsx">
        <metrics statements="4" coveredstatements="4" conditionals="0" coveredconditionals="0" methods="1" coveredmethods="1"/>
        <line num="1" count="1" type="stmt"/>
        <line num="2" count="1" type="stmt"/>
        <line num="27" count="1" type="stmt"/>
        <line num="28" count="4" type="stmt"/>
      </file>
    </package>
    <package name="components.RepositoryCard">
      <metrics statements="4" coveredstatements="4" conditionals="12" coveredconditionals="11" methods="1" coveredmethods="1"/>
      <file name="RepositoryCard.tsx" path="/Users/zaidsaheb/Desktop/gitstats/src/components/RepositoryCard/RepositoryCard.tsx">
        <metrics statements="4" coveredstatements="4" conditionals="12" coveredconditionals="11" methods="1" coveredmethods="1"/>
        <line num="2" count="2" type="stmt"/>
        <line num="3" count="2" type="stmt"/>
        <line num="66" count="2" type="stmt"/>
        <line num="67" count="18" type="stmt"/>
      </file>
    </package>
    <package name="components.RepositoryList">
      <metrics statements="28" coveredstatements="28" conditionals="17" coveredconditionals="16" methods="13" coveredmethods="13"/>
      <file name="FilterControls.tsx" path="/Users/zaidsaheb/Desktop/gitstats/src/components/RepositoryList/FilterControls.tsx">
        <metrics statements="8" coveredstatements="8" conditionals="4" coveredconditionals="4" methods="5" coveredmethods="5"/>
        <line num="1" count="2" type="stmt"/>
        <line num="7" count="2" type="stmt"/>
        <line num="83" count="2" type="stmt"/>
        <line num="94" count="19" type="stmt"/>
        <line num="105" count="1" type="stmt"/>
        <line num="120" count="2" type="stmt"/>
        <line num="130" count="43" type="stmt"/>
        <line num="141" count="4" type="stmt"/>
      </file>
      <file name="Pagination.tsx" path="/Users/zaidsaheb/Desktop/gitstats/src/components/RepositoryList/Pagination.tsx">
        <metrics statements="9" coveredstatements="9" conditionals="4" coveredconditionals="4" methods="4" coveredmethods="4"/>
        <line num="1" count="2" type="stmt"/>
        <line num="57" count="2" type="stmt"/>
        <line num="62" count="21" type="cond" truecount="1" falsecount="0"/>
        <line num="64" count="10" type="stmt"/>
        <line num="65" count="2" type="cond" truecount="3" falsecount="0"/>
        <line num="66" count="2" type="stmt"/>
        <line num="70" count="10" type="stmt"/>
        <line num="77" count="1" type="stmt"/>
        <line num="99" count="1" type="stmt"/>
      </file>
      <file name="RepositoryList.tsx" path="/Users/zaidsaheb/Desktop/gitstats/src/components/RepositoryList/RepositoryList.tsx">
        <metrics statements="11" coveredstatements="11" conditionals="9" coveredconditionals="8" methods="4" coveredmethods="4"/>
        <line num="2" count="1" type="stmt"/>
        <line num="3" count="1" type="stmt"/>
        <line num="4" count="1" type="stmt"/>
        <line num="5" count="1" type="stmt"/>
        <line num="73" count="1" type="stmt"/>
        <line num="101" count="10" type="stmt"/>
        <line num="109" count="10" type="stmt"/>
        <line num="115" count="10" type="stmt"/>
        <line num="117" count="10" type="stmt"/>
        <line num="129" count="1" type="cond" truecount="1" falsecount="1"/>
        <line num="146" count="14" type="stmt"/>
      </file>
    </package>
    <package name="components.SearchForm">
      <metrics statements="24" coveredstatements="24" conditionals="22" coveredconditionals="20" methods="9" coveredmethods="9"/>
      <file name="SearchForm.tsx" path="/Users/zaidsaheb/Desktop/gitstats/src/components/SearchForm/SearchForm.tsx">
        <metrics statements="19" coveredstatements="19" conditionals="12" coveredconditionals="10" methods="5" coveredmethods="5"/>
        <line num="1" count="2" type="stmt"/>
        <line num="2" count="2" type="stmt"/>
        <line num="3" count="2" type="stmt"/>
        <line num="4" count="2" type="stmt"/>
        <line num="90" count="2" type="stmt"/>
        <line num="100" count="12" type="stmt"/>
        <line num="101" count="12" type="stmt"/>
        <line num="103" count="12" type="stmt"/>
        <line num="104" count="1" type="stmt"/>
        <line num="105" count="1" type="stmt"/>
        <line num="108" count="12" type="stmt"/>
        <line num="109" count="1" type="stmt"/>
        <line num="110" count="1" type="stmt"/>
        <line num="113" count="12" type="stmt"/>
        <line num="116" count="2" type="stmt"/>
        <line num="117" count="2" type="cond" truecount="1" falsecount="0"/>
        <line num="118" count="1" type="stmt"/>
        <line num="119" count="1" type="stmt"/>
        <line num="140" count="1" type="stmt"/>
      </file>
      <file name="SearchSuggestions.tsx" path="/Users/zaidsaheb/Desktop/gitstats/src/components/SearchForm/SearchSuggestions.tsx">
        <metrics statements="5" coveredstatements="5" conditionals="10" coveredconditionals="10" methods="4" coveredmethods="4"/>
        <line num="81" count="3" type="stmt"/>
        <line num="87" count="6" type="cond" truecount="4" falsecount="0"/>
        <line num="89" count="6" type="stmt"/>
        <line num="106" count="5" type="stmt"/>
        <line num="109" count="2" type="stmt"/>
      </file>
    </package>
    <package name="components.UserSection">
      <metrics statements="20" coveredstatements="20" conditionals="19" coveredconditionals="18" methods="8" coveredmethods="8"/>
      <file name="UserProfile.tsx" path="/Users/zaidsaheb/Desktop/gitstats/src/components/UserSection/UserProfile.tsx">
        <metrics statements="4" coveredstatements="4" conditionals="6" coveredconditionals="5" methods="1" coveredmethods="1"/>
        <line num="2" count="2" type="stmt"/>
        <line num="3" count="2" type="stmt"/>
        <line num="65" count="2" type="stmt"/>
        <line num="69" count="4" type="stmt"/>
      </file>
      <file name="UserSection.tsx" path="/Users/zaidsaheb/Desktop/gitstats/src/components/UserSection/UserSection.tsx">
        <metrics statements="4" coveredstatements="4" conditionals="1" coveredconditionals="1" methods="1" coveredmethods="1"/>
        <line num="2" count="1" type="stmt"/>
        <line num="3" count="1" type="stmt"/>
        <line num="71" count="1" type="stmt"/>
        <line num="76" count="2" type="stmt"/>
      </file>
      <file name="UserSocialStats.tsx" path="/Users/zaidsaheb/Desktop/gitstats/src/components/UserSection/UserSocialStats.tsx">
        <metrics statements="5" coveredstatements="5" conditionals="8" coveredconditionals="8" methods="3" coveredmethods="3"/>
        <line num="2" count="3" type="stmt"/>
        <line num="71" count="3" type="stmt"/>
        <line num="72" count="8" type="stmt"/>
        <line num="110" count="8" type="cond" truecount="2" falsecount="0"/>
        <line num="114" count="8" type="stmt"/>
      </file>
      <file name="UserStatsGrid.tsx" path="/Users/zaidsaheb/Desktop/gitstats/src/components/UserSection/UserStatsGrid.tsx">
        <metrics statements="7" coveredstatements="7" conditionals="4" coveredconditionals="4" methods="3" coveredmethods="3"/>
        <line num="2" count="2" type="stmt"/>
        <line num="62" count="2" type="stmt"/>
        <line num="69" count="5" type="stmt"/>
        <line num="70" count="15" type="stmt"/>
        <line num="81" count="5" type="stmt"/>
        <line num="109" count="5" type="stmt"/>
        <line num="113" count="25" type="stmt"/>
      </file>
    </package>
    <package name="graphql">
      <metrics statements="6" coveredstatements="6" conditionals="0" coveredconditionals="0" methods="0" coveredmethods="0"/>
      <file name="queries.ts" path="/Users/zaidsaheb/Desktop/gitstats/src/graphql/queries.ts">
        <metrics statements="6" coveredstatements="6" conditionals="0" coveredconditionals="0" methods="0" coveredmethods="0"/>
        <line num="1" count="3" type="stmt"/>
        <line num="26" count="3" type="stmt"/>
        <line num="77" count="3" type="stmt"/>
        <line num="136" count="3" type="stmt"/>
        <line num="196" count="3" type="stmt"/>
        <line num="234" count="3" type="stmt"/>
      </file>
    </package>
    <package name="hooks">
      <metrics statements="92" coveredstatements="91" conditionals="37" coveredconditionals="36" methods="19" coveredmethods="19"/>
      <file name="useGitHubRank.ts" path="/Users/zaidsaheb/Desktop/gitstats/src/hooks/useGitHubRank.ts">
        <metrics statements="35" coveredstatements="35" conditionals="5" coveredconditionals="5" methods="6" coveredmethods="6"/>
        <line num="1" count="2" type="stmt"/>
        <line num="10" count="56" type="stmt"/>
        <line num="19" count="28" type="stmt"/>
        <line num="57" count="2" type="stmt"/>
        <line num="58" count="10" type="stmt"/>
        <line num="59" count="10" type="cond" truecount="3" falsecount="0"/>
        <line num="67" count="7" type="stmt"/>
        <line num="69" count="14" type="stmt"/>
        <line num="70" count="14" type="stmt"/>
        <line num="71" count="26" type="stmt"/>
        <line num="74" count="14" type="stmt"/>
        <line num="75" count="14" type="stmt"/>
        <line num="76" count="14" type="stmt"/>
        <line num="77" count="14" type="stmt"/>
        <line num="88" count="14" type="stmt"/>
        <line num="89" count="14" type="stmt"/>
        <line num="90" count="14" type="stmt"/>
        <line num="91" count="14" type="stmt"/>
        <line num="92" count="14" type="stmt"/>
        <line num="93" count="14" type="stmt"/>
        <line num="95" count="14" type="stmt"/>
        <line num="96" count="14" type="stmt"/>
        <line num="97" count="14" type="stmt"/>
        <line num="98" count="14" type="stmt"/>
        <line num="99" count="14" type="stmt"/>
        <line num="100" count="14" type="stmt"/>
        <line num="103" count="14" type="stmt"/>
        <line num="112" count="14" type="stmt"/>
        <line num="121" count="14" type="stmt"/>
        <line num="134" count="14" type="stmt"/>
        <line num="137" count="7" type="stmt"/>
        <line num="138" count="7" type="stmt"/>
        <line num="140" count="7" type="cond" truecount="2" falsecount="0"/>
        <line num="141" count="7" type="stmt"/>
        <line num="149" count="7" type="stmt"/>
      </file>
      <file name="useRepositoryFiltering.ts" path="/Users/zaidsaheb/Desktop/gitstats/src/hooks/useRepositoryFiltering.ts">
        <metrics statements="28" coveredstatements="27" conditionals="10" coveredconditionals="9" methods="7" coveredmethods="7"/>
        <line num="1" count="3" type="stmt"/>
        <line num="25" count="3" type="stmt"/>
        <line num="27" count="23" type="stmt"/>
        <line num="29" count="23" type="stmt"/>
        <line num="31" count="23" type="stmt"/>
        <line num="33" count="23" type="stmt"/>
        <line num="35" count="23" type="stmt"/>
        <line num="37" count="23" type="stmt"/>
        <line num="43" count="23" type="stmt"/>
        <line num="44" count="17" type="stmt"/>
        <line num="46" count="37" type="stmt"/>
        <line num="47" count="37" type="cond" truecount="2" falsecount="0"/>
        <line num="48" count="37" type="cond" truecount="2" falsecount="0"/>
        <line num="51" count="26" type="cond" truecount="2" falsecount="0"/>
        <line num="52" count="26" type="cond" truecount="3" falsecount="1"/>
        <line num="54" count="8" type="stmt"/>
        <line num="56" count="14" type="stmt"/>
        <line num="58" count="4" type="stmt"/>
        <line num="60" count="0" type="stmt"/>
        <line num="64" count="17" type="stmt"/>
        <line num="65" count="17" type="stmt"/>
        <line num="66" count="17" type="stmt"/>
        <line num="76" count="23" type="stmt"/>
        <line num="77" count="10" type="stmt"/>
        <line num="78" count="16" type="stmt"/>
        <line num="79" count="16" type="stmt"/>
        <line num="80" count="10" type="stmt"/>
        <line num="83" count="23" type="stmt"/>
      </file>
      <file name="useSearch.ts" path="/Users/zaidsaheb/Desktop/gitstats/src/hooks/useSearch.ts">
        <metrics statements="7" coveredstatements="7" conditionals="0" coveredconditionals="0" methods="1" coveredmethods="1"/>
        <line num="1" count="1" type="stmt"/>
        <line num="2" count="1" type="stmt"/>
        <line num="3" count="1" type="stmt"/>
        <line num="5" count="1" type="stmt"/>
        <line num="6" count="5" type="stmt"/>
        <line num="8" count="5" type="stmt"/>
        <line num="14" count="5" type="stmt"/>
      </file>
      <file name="useSuggestions.ts" path="/Users/zaidsaheb/Desktop/gitstats/src/hooks/useSuggestions.ts">
        <metrics statements="12" coveredstatements="12" conditionals="3" coveredconditionals="3" methods="4" coveredmethods="4"/>
        <line num="1" count="3" type="stmt"/>
        <line num="38" count="3" type="stmt"/>
        <line num="39" count="21" type="stmt"/>
        <line num="40" count="21" type="stmt"/>
        <line num="42" count="21" type="stmt"/>
        <line num="43" count="15" type="stmt"/>
        <line num="44" count="2" type="stmt"/>
        <line num="49" count="2" type="cond" truecount="3" falsecount="0"/>
        <line num="50" count="1" type="stmt"/>
        <line num="54" count="15" type="stmt"/>
        <line num="55" count="15" type="stmt"/>
        <line num="58" count="21" type="stmt"/>
      </file>
      <file name="useUserQueries.ts" path="/Users/zaidsaheb/Desktop/gitstats/src/hooks/useUserQueries.ts">
        <metrics statements="10" coveredstatements="10" conditionals="19" coveredconditionals="19" methods="1" coveredmethods="1"/>
        <line num="1" count="2" type="stmt"/>
        <line num="3" count="2" type="stmt"/>
        <line num="63" count="2" type="stmt"/>
        <line num="65" count="3" type="stmt"/>
        <line num="71" count="3" type="stmt"/>
        <line num="77" count="3" type="stmt"/>
        <line num="83" count="3" type="cond" truecount="5" falsecount="0"/>
        <line num="92" count="3" type="cond" truecount="4" falsecount="0"/>
        <line num="93" count="3" type="cond" truecount="4" falsecount="0"/>
        <line num="95" count="3" type="stmt"/>
      </file>
    </package>
  </project>
</coverage>
