{"/home/runner/work/githubstats/githubstats/src/components/ComparisonView/ComparisonView.tsx": {"path":"/home/runner/work/githubstats/githubstats/src/components/ComparisonView/ComparisonView.tsx","statementMap":{"0":{"start":{"line":20,"column":0},"end":{"line":20,"column":16}},"1":{"start":{"line":1,"column":0},"end":{"line":1,"column":44}},"2":{"start":{"line":2,"column":0},"end":{"line":2,"column":60}},"3":{"start":{"line":3,"column":0},"end":{"line":3,"column":54}},"4":{"start":{"line":4,"column":0},"end":{"line":4,"column":46}},"5":{"start":{"line":5,"column":0},"end":{"line":5,"column":57}},"6":{"start":{"line":6,"column":0},"end":{"line":6,"column":66}},"7":{"start":{"line":7,"column":0},"end":{"line":7,"column":39}},"8":{"start":{"line":21,"column":34},"end":{"line":21,"column":65}},"9":{"start":{"line":22,"column":50},"end":{"line":22,"column":81}},"10":{"start":{"line":31,"column":6},"end":{"line":31,"column":45}},"11":{"start":{"line":36,"column":29},"end":{"line":39,"column":3}},"12":{"start":{"line":37,"column":4},"end":{"line":37,"column":23}},"13":{"start":{"line":38,"column":4},"end":{"line":38,"column":34}},"14":{"start":{"line":44,"column":2},"end":{"line":47,"column":45}},"15":{"start":{"line":45,"column":26},"end":{"line":45,"column":48}},"16":{"start":{"line":46,"column":4},"end":{"line":46,"column":39}},"17":{"start":{"line":49,"column":2},"end":{"line":100,"column":4}}},"fnMap":{"0":{"name":"ComparisonView","decl":{"start":{"line":20,"column":16},"end":{"line":20,"column":30}},"loc":{"start":{"line":20,"column":92},"end":{"line":101,"column":1}}},"1":{"name":"(anonymous_1)","decl":{"start":{"line":36,"column":29},"end":{"line":36,"column":30}},"loc":{"start":{"line":36,"column":52},"end":{"line":39,"column":3}}},"2":{"name":"(anonymous_2)","decl":{"start":{"line":44,"column":12},"end":{"line":44,"column":15}},"loc":{"start":{"line":44,"column":17},"end":{"line":47,"column":3}}}},"branchMap":{"0":{"loc":{"start":{"line":21,"column":43},"end":{"line":21,"column":64}},"type":"binary-expr","locations":[{"start":{"line":21,"column":43},"end":{"line":21,"column":58}},{"start":{"line":21,"column":62},"end":{"line":21,"column":64}}]},"1":{"loc":{"start":{"line":22,"column":59},"end":{"line":22,"column":80}},"type":"binary-expr","locations":[{"start":{"line":22,"column":59},"end":{"line":22,"column":74}},{"start":{"line":22,"column":78},"end":{"line":22,"column":80}}]},"2":{"loc":{"start":{"line":45,"column":29},"end":{"line":45,"column":47}},"type":"binary-expr","locations":[{"start":{"line":45,"column":29},"end":{"line":45,"column":37}},{"start":{"line":45,"column":41},"end":{"line":45,"column":47}}]},"3":{"loc":{"start":{"line":52,"column":7},"end":{"line":55,"column":null}},"type":"binary-expr","locations":[{"start":{"line":52,"column":7},"end":{"line":52,"column":12}},{"start":{"line":53,"column":8},"end":{"line":54,"column":null}}]},"4":{"loc":{"start":{"line":72,"column":7},"end":{"line":97,"column":null}},"type":"binary-expr","locations":[{"start":{"line":72,"column":7},"end":{"line":72,"column":15}},{"start":{"line":73,"column":8},"end":{"line":96,"column":null}}]},"5":{"loc":{"start":{"line":91,"column":28},"end":{"line":91,"column":61}},"type":"binary-expr","locations":[{"start":{"line":91,"column":28},"end":{"line":91,"column":55}},{"start":{"line":91,"column":59},"end":{"line":91,"column":61}}]},"6":{"loc":{"start":{"line":93,"column":21},"end":{"line":93,"column":39}},"type":"binary-expr","locations":[{"start":{"line":93,"column":21},"end":{"line":93,"column":26}},{"start":{"line":93,"column":30},"end":{"line":93,"column":39}}]}},"s":{"0":1,"1":1,"2":1,"3":1,"4":1,"5":1,"6":1,"7":1,"8":5,"9":5,"10":5,"11":5,"12":0,"13":0,"14":5,"15":5,"16":5,"17":5},"f":{"0":5,"1":0,"2":5},"b":{"0":[5,5],"1":[5,5],"2":[5,2],"3":[5,1],"4":[5,2],"5":[2,0],"6":[2,2]}}
,"/home/runner/work/githubstats/githubstats/src/components/ComparisonView/ErrorDisplay.tsx": {"path":"/home/runner/work/githubstats/githubstats/src/components/ComparisonView/ErrorDisplay.tsx","statementMap":{"0":{"start":{"line":57,"column":0},"end":{"line":57,"column":16}},"1":{"start":{"line":2,"column":0},"end":{"line":2,"column":33}},"2":{"start":{"line":58,"column":36},"end":{"line":58,"column":50}},"3":{"start":{"line":60,"column":2},"end":{"line":60,"column":30}},"4":{"start":{"line":60,"column":18},"end":{"line":60,"column":30}},"5":{"start":{"line":74,"column":26},"end":{"line":85,"column":3}},"6":{"start":{"line":75,"column":4},"end":{"line":77,"column":5}},"7":{"start":{"line":76,"column":6},"end":{"line":76,"column":72}},"8":{"start":{"line":78,"column":4},"end":{"line":80,"column":5}},"9":{"start":{"line":79,"column":6},"end":{"line":79,"column":78}},"10":{"start":{"line":81,"column":4},"end":{"line":83,"column":5}},"11":{"start":{"line":82,"column":6},"end":{"line":82,"column":71}},"12":{"start":{"line":84,"column":4},"end":{"line":84,"column":70}},"13":{"start":{"line":87,"column":2},"end":{"line":106,"column":4}},"14":{"start":{"line":97,"column":25},"end":{"line":97,"column":44}}},"fnMap":{"0":{"name":"ErrorDisplay","decl":{"start":{"line":57,"column":16},"end":{"line":57,"column":28}},"loc":{"start":{"line":57,"column":57},"end":{"line":107,"column":1}}},"1":{"name":"(anonymous_1)","decl":{"start":{"line":74,"column":26},"end":{"line":74,"column":27}},"loc":{"start":{"line":74,"column":57},"end":{"line":85,"column":3}}},"2":{"name":"(anonymous_2)","decl":{"start":{"line":97,"column":19},"end":{"line":97,"column":22}},"loc":{"start":{"line":97,"column":25},"end":{"line":97,"column":44}}}},"branchMap":{"0":{"loc":{"start":{"line":60,"column":2},"end":{"line":60,"column":30}},"type":"if","locations":[{"start":{"line":60,"column":2},"end":{"line":60,"column":30}}]},"1":{"loc":{"start":{"line":75,"column":4},"end":{"line":77,"column":5}},"type":"if","locations":[{"start":{"line":75,"column":4},"end":{"line":77,"column":5}}]},"2":{"loc":{"start":{"line":78,"column":4},"end":{"line":80,"column":5}},"type":"if","locations":[{"start":{"line":78,"column":4},"end":{"line":80,"column":5}}]},"3":{"loc":{"start":{"line":81,"column":4},"end":{"line":83,"column":5}},"type":"if","locations":[{"start":{"line":81,"column":4},"end":{"line":83,"column":5}}]}},"s":{"0":2,"1":2,"2":8,"3":8,"4":1,"5":7,"6":7,"7":1,"8":6,"9":1,"10":5,"11":1,"12":4,"13":7,"14":1},"f":{"0":8,"1":7,"2":1},"b":{"0":[1],"1":[1],"2":[1],"3":[1]}}
,"/home/runner/work/githubstats/githubstats/src/components/MainView/BackgroundEffects.tsx": {"path":"/home/runner/work/githubstats/githubstats/src/components/MainView/BackgroundEffects.tsx","statementMap":{"0":{"start":{"line":37,"column":33},"end":{"line":68,"column":1}},"1":{"start":{"line":38,"column":2},"end":{"line":67,"column":4}},"2":{"start":{"line":37,"column":13},"end":{"line":37,"column":33}}},"fnMap":{"0":{"name":"(anonymous_0)","decl":{"start":{"line":37,"column":33},"end":{"line":37,"column":36}},"loc":{"start":{"line":37,"column":38},"end":{"line":68,"column":1}}}},"branchMap":{},"s":{"0":1,"1":3,"2":1},"f":{"0":3},"b":{}}
,"/home/runner/work/githubstats/githubstats/src/components/MainView/Logo.tsx": {"path":"/home/runner/work/githubstats/githubstats/src/components/MainView/Logo.tsx","statementMap":{"0":{"start":{"line":46,"column":20},"end":{"line":65,"column":1}},"1":{"start":{"line":47,"column":2},"end":{"line":64,"column":4}},"2":{"start":{"line":46,"column":13},"end":{"line":46,"column":20}}},"fnMap":{"0":{"name":"(anonymous_0)","decl":{"start":{"line":46,"column":20},"end":{"line":46,"column":21}},"loc":{"start":{"line":46,"column":49},"end":{"line":65,"column":1}}}},"branchMap":{"0":{"loc":{"start":{"line":46,"column":23},"end":{"line":46,"column":32}},"type":"default-arg","locations":[{"start":{"line":46,"column":30},"end":{"line":46,"column":32}}]}},"s":{"0":1,"1":6,"2":1},"f":{"0":6},"b":{"0":[0]}}
,"/home/runner/work/githubstats/githubstats/src/components/MainView/MainView.tsx": {"path":"/home/runner/work/githubstats/githubstats/src/components/MainView/MainView.tsx","statementMap":{"0":{"start":{"line":1,"column":0},"end":{"line":1,"column":44}},"1":{"start":{"line":2,"column":0},"end":{"line":2,"column":56}},"2":{"start":{"line":3,"column":0},"end":{"line":3,"column":66}},"3":{"start":{"line":4,"column":0},"end":{"line":4,"column":40}},"4":{"start":{"line":5,"column":0},"end":{"line":5,"column":56}},"5":{"start":{"line":6,"column":0},"end":{"line":6,"column":30}},"6":{"start":{"line":36,"column":24},"end":{"line":108,"column":1}},"7":{"start":{"line":38,"column":46},"end":{"line":38,"column":61}},"8":{"start":{"line":40,"column":2},"end":{"line":44,"column":24}},"9":{"start":{"line":41,"column":4},"end":{"line":43,"column":5}},"10":{"start":{"line":42,"column":6},"end":{"line":42,"column":30}},"11":{"start":{"line":46,"column":2},"end":{"line":107,"column":4}},"12":{"start":{"line":36,"column":13},"end":{"line":36,"column":24}}},"fnMap":{"0":{"name":"(anonymous_0)","decl":{"start":{"line":36,"column":24},"end":{"line":36,"column":25}},"loc":{"start":{"line":36,"column":63},"end":{"line":108,"column":1}}},"1":{"name":"(anonymous_1)","decl":{"start":{"line":40,"column":12},"end":{"line":40,"column":15}},"loc":{"start":{"line":40,"column":17},"end":{"line":44,"column":3}}}},"branchMap":{"0":{"loc":{"start":{"line":41,"column":4},"end":{"line":43,"column":5}},"type":"if","locations":[{"start":{"line":41,"column":4},"end":{"line":43,"column":5}}]},"1":{"loc":{"start":{"line":55,"column":24},"end":{"line":55,"column":51}},"type":"cond-expr","locations":[{"start":{"line":55,"column":41},"end":{"line":55,"column":42}},{"start":{"line":55,"column":45},"end":{"line":55,"column":51}}]},"2":{"loc":{"start":{"line":66,"column":24},"end":{"line":66,"column":66}},"type":"cond-expr","locations":[{"start":{"line":66,"column":41},"end":{"line":66,"column":54}},{"start":{"line":66,"column":57},"end":{"line":66,"column":66}}]},"3":{"loc":{"start":{"line":68,"column":23},"end":{"line":68,"column":47}},"type":"cond-expr","locations":[{"start":{"line":68,"column":40},"end":{"line":68,"column":43}},{"start":{"line":68,"column":46},"end":{"line":68,"column":47}}]},"4":{"loc":{"start":{"line":69,"column":21},"end":{"line":69,"column":46}},"type":"cond-expr","locations":[{"start":{"line":69,"column":38},"end":{"line":69,"column":42}},{"start":{"line":69,"column":45},"end":{"line":69,"column":46}}]},"5":{"loc":{"start":{"line":92,"column":13},"end":{"line":101,"column":null}},"type":"binary-expr","locations":[{"start":{"line":92,"column":13},"end":{"line":92,"column":27}},{"start":{"line":93,"column":14},"end":{"line":98,"column":null}}]}},"s":{"0":1,"1":1,"2":1,"3":1,"4":1,"5":1,"6":1,"7":3,"8":3,"9":2,"10":0,"11":3,"12":1},"f":{"0":3,"1":2},"b":{"0":[0],"1":[1,2],"2":[1,2],"3":[1,2],"4":[1,2],"5":[3,1]}}
,"/home/runner/work/githubstats/githubstats/src/components/MainView/ThemeToggle.tsx": {"path":"/home/runner/work/githubstats/githubstats/src/components/MainView/ThemeToggle.tsx","statementMap":{"0":{"start":{"line":23,"column":0},"end":{"line":23,"column":16}},"1":{"start":{"line":1,"column":0},"end":{"line":1,"column":55}},"2":{"start":{"line":2,"column":0},"end":{"line":2,"column":56}},"3":{"start":{"line":3,"column":0},"end":{"line":3,"column":62}},"4":{"start":{"line":24,"column":41},"end":{"line":24,"column":51}},"5":{"start":{"line":26,"column":2},"end":{"line":50,"column":4}}},"fnMap":{"0":{"name":"ThemeToggle","decl":{"start":{"line":23,"column":16},"end":{"line":23,"column":27}},"loc":{"start":{"line":23,"column":27},"end":{"line":51,"column":1}}}},"branchMap":{"0":{"loc":{"start":{"line":42,"column":11},"end":{"line":45,"column":null}},"type":"cond-expr","locations":[{"start":{"line":43,"column":12},"end":{"line":43,"column":59}},{"start":{"line":45,"column":12},"end":{"line":45,"column":58}}]},"1":{"loc":{"start":{"line":36,"column":15},"end":{"line":36,"column":44}},"type":"cond-expr","locations":[{"start":{"line":36,"column":28},"end":{"line":36,"column":34}},{"start":{"line":36,"column":37},"end":{"line":36,"column":44}}]}},"s":{"0":1,"1":1,"2":1,"3":1,"4":4,"5":3},"f":{"0":4},"b":{"0":[0,3],"1":[0,3]}}
,"/home/runner/work/githubstats/githubstats/src/components/MainView/TopHeader.tsx": {"path":"/home/runner/work/githubstats/githubstats/src/components/MainView/TopHeader.tsx","statementMap":{"0":{"start":{"line":1,"column":0},"end":{"line":1,"column":44}},"1":{"start":{"line":2,"column":0},"end":{"line":2,"column":30}},"2":{"start":{"line":27,"column":25},"end":{"line":46,"column":1}},"3":{"start":{"line":28,"column":2},"end":{"line":45,"column":null}},"4":{"start":{"line":27,"column":13},"end":{"line":27,"column":25}}},"fnMap":{"0":{"name":"(anonymous_0)","decl":{"start":{"line":27,"column":25},"end":{"line":27,"column":28}},"loc":{"start":{"line":27,"column":30},"end":{"line":46,"column":1}}}},"branchMap":{},"s":{"0":1,"1":1,"2":1,"3":4,"4":1},"f":{"0":4},"b":{}}
,"/home/runner/work/githubstats/githubstats/src/components/RepositoryCard/RepositoryCard.tsx": {"path":"/home/runner/work/githubstats/githubstats/src/components/RepositoryCard/RepositoryCard.tsx","statementMap":{"0":{"start":{"line":2,"column":0},"end":{"line":2,"column":44}},"1":{"start":{"line":3,"column":0},"end":{"line":3,"column":66}},"2":{"start":{"line":66,"column":30},"end":{"line":148,"column":null}},"3":{"start":{"line":67,"column":2},"end":{"line":147,"column":null}},"4":{"start":{"line":66,"column":13},"end":{"line":66,"column":30}}},"fnMap":{"0":{"name":"(anonymous_0)","decl":{"start":{"line":66,"column":30},"end":{"line":66,"column":31}},"loc":{"start":{"line":67,"column":2},"end":{"line":147,"column":null}}}},"branchMap":{"0":{"loc":{"start":{"line":85,"column":9},"end":{"line":88,"column":null}},"type":"binary-expr","locations":[{"start":{"line":85,"column":9},"end":{"line":85,"column":31}},{"start":{"line":86,"column":10},"end":{"line":87,"column":null}}]},"1":{"loc":{"start":{"line":94,"column":11},"end":{"line":102,"column":null}},"type":"binary-expr","locations":[{"start":{"line":94,"column":11},"end":{"line":94,"column":37}},{"start":{"line":95,"column":12},"end":{"line":101,"column":null}}]},"2":{"loc":{"start":{"line":106,"column":11},"end":{"line":115,"column":null}},"type":"binary-expr","locations":[{"start":{"line":106,"column":11},"end":{"line":106,"column":40}},{"start":{"line":107,"column":12},"end":{"line":114,"column":null}}]},"3":{"loc":{"start":{"line":119,"column":11},"end":{"line":128,"column":null}},"type":"binary-expr","locations":[{"start":{"line":119,"column":11},"end":{"line":119,"column":35}},{"start":{"line":120,"column":12},"end":{"line":127,"column":null}}]},"4":{"loc":{"start":{"line":132,"column":11},"end":{"line":139,"column":null}},"type":"binary-expr","locations":[{"start":{"line":132,"column":11},"end":{"line":132,"column":31}},{"start":{"line":133,"column":12},"end":{"line":138,"column":null}}]},"5":{"loc":{"start":{"line":137,"column":22},"end":{"line":137,"column":119}},"type":"cond-expr","locations":[{"start":{"line":137,"column":98},"end":{"line":137,"column":107}},{"start":{"line":137,"column":110},"end":{"line":137,"column":119}}]}},"s":{"0":2,"1":2,"2":2,"3":18,"4":2},"f":{"0":18},"b":{"0":[18,17],"1":[18,17],"2":[18,17],"3":[18,17],"4":[18,18],"5":[18,0]}}
,"/home/runner/work/githubstats/githubstats/src/components/RepositoryList/FilterControls.tsx": {"path":"/home/runner/work/githubstats/githubstats/src/components/RepositoryList/FilterControls.tsx","statementMap":{"0":{"start":{"line":88,"column":0},"end":{"line":88,"column":16}},"1":{"start":{"line":1,"column":0},"end":{"line":1,"column":null}},"2":{"start":{"line":7,"column":0},"end":{"line":7,"column":39}},"3":{"start":{"line":99,"column":2},"end":{"line":180,"column":4}},"4":{"start":{"line":110,"column":27},"end":{"line":110,"column":57}},"5":{"start":{"line":125,"column":29},"end":{"line":125,"column":61}},"6":{"start":{"line":135,"column":14},"end":{"line":135,"column":33}},"7":{"start":{"line":146,"column":29},"end":{"line":146,"column":92}}},"fnMap":{"0":{"name":"FilterControls","decl":{"start":{"line":88,"column":16},"end":{"line":88,"column":30}},"loc":{"start":{"line":98,"column":22},"end":{"line":181,"column":1}}},"1":{"name":"(anonymous_1)","decl":{"start":{"line":110,"column":20},"end":{"line":110,"column":21}},"loc":{"start":{"line":110,"column":27},"end":{"line":110,"column":57}}},"2":{"name":"(anonymous_2)","decl":{"start":{"line":125,"column":22},"end":{"line":125,"column":23}},"loc":{"start":{"line":125,"column":29},"end":{"line":125,"column":61}}},"3":{"name":"(anonymous_3)","decl":{"start":{"line":134,"column":27},"end":{"line":134,"column":31}},"loc":{"start":{"line":135,"column":14},"end":{"line":135,"column":33}}},"4":{"name":"(anonymous_4)","decl":{"start":{"line":146,"column":22},"end":{"line":146,"column":23}},"loc":{"start":{"line":146,"column":29},"end":{"line":146,"column":92}}}},"branchMap":{"0":{"loc":{"start":{"line":169,"column":30},"end":{"line":169,"column":78}},"type":"cond-expr","locations":[{"start":{"line":169,"column":52},"end":{"line":169,"column":63}},{"start":{"line":169,"column":66},"end":{"line":169,"column":78}}]},"1":{"loc":{"start":{"line":172,"column":31},"end":{"line":172,"column":60}},"type":"cond-expr","locations":[{"start":{"line":172,"column":53},"end":{"line":172,"column":54}},{"start":{"line":172,"column":57},"end":{"line":172,"column":60}}]}},"s":{"0":2,"1":2,"2":2,"3":16,"4":1,"5":2,"6":34,"7":2},"f":{"0":16,"1":1,"2":2,"3":34,"4":2},"b":{"0":[2,14],"1":[2,14]}}
,"/home/runner/work/githubstats/githubstats/src/components/RepositoryList/Pagination.tsx": {"path":"/home/runner/work/githubstats/githubstats/src/components/RepositoryList/Pagination.tsx","statementMap":{"0":{"start":{"line":64,"column":0},"end":{"line":64,"column":16}},"1":{"start":{"line":1,"column":0},"end":{"line":1,"column":78}},"2":{"start":{"line":69,"column":2},"end":{"line":69,"column":35}},"3":{"start":{"line":69,"column":23},"end":{"line":69,"column":35}},"4":{"start":{"line":71,"column":27},"end":{"line":75,"column":3}},"5":{"start":{"line":72,"column":4},"end":{"line":74,"column":5}},"6":{"start":{"line":73,"column":6},"end":{"line":73,"column":28}},"7":{"start":{"line":77,"column":2},"end":{"line":123,"column":4}},"8":{"start":{"line":84,"column":23},"end":{"line":84,"column":56}},"9":{"start":{"line":106,"column":23},"end":{"line":106,"column":56}}},"fnMap":{"0":{"name":"Pagination","decl":{"start":{"line":64,"column":16},"end":{"line":64,"column":26}},"loc":{"start":{"line":68,"column":18},"end":{"line":124,"column":1}}},"1":{"name":"(anonymous_1)","decl":{"start":{"line":71,"column":27},"end":{"line":71,"column":28}},"loc":{"start":{"line":71,"column":47},"end":{"line":75,"column":3}}},"2":{"name":"(anonymous_2)","decl":{"start":{"line":84,"column":17},"end":{"line":84,"column":20}},"loc":{"start":{"line":84,"column":23},"end":{"line":84,"column":56}}},"3":{"name":"(anonymous_3)","decl":{"start":{"line":106,"column":17},"end":{"line":106,"column":20}},"loc":{"start":{"line":106,"column":23},"end":{"line":106,"column":56}}}},"branchMap":{"0":{"loc":{"start":{"line":69,"column":2},"end":{"line":69,"column":35}},"type":"if","locations":[{"start":{"line":69,"column":2},"end":{"line":69,"column":35}}]},"1":{"loc":{"start":{"line":72,"column":4},"end":{"line":74,"column":5}},"type":"if","locations":[{"start":{"line":72,"column":4},"end":{"line":74,"column":5}}]},"2":{"loc":{"start":{"line":72,"column":8},"end":{"line":72,"column":45}},"type":"binary-expr","locations":[{"start":{"line":72,"column":8},"end":{"line":72,"column":20}},{"start":{"line":72,"column":24},"end":{"line":72,"column":45}}]}},"s":{"0":2,"1":2,"2":21,"3":11,"4":10,"5":2,"6":2,"7":10,"8":1,"9":1},"f":{"0":21,"1":2,"2":1,"3":1},"b":{"0":[11],"1":[2],"2":[2,2]}}
,"/home/runner/work/githubstats/githubstats/src/components/RepositoryList/RepositoryList.tsx": {"path":"/home/runner/work/githubstats/githubstats/src/components/RepositoryList/RepositoryList.tsx","statementMap":{"0":{"start":{"line":73,"column":0},"end":{"line":73,"column":16}},"1":{"start":{"line":2,"column":0},"end":{"line":2,"column":66}},"2":{"start":{"line":3,"column":0},"end":{"line":3,"column":50}},"3":{"start":{"line":4,"column":0},"end":{"line":4,"column":42}},"4":{"start":{"line":5,"column":0},"end":{"line":5,"column":76}},"5":{"start":{"line":101,"column":6},"end":{"line":101,"column":42}},"6":{"start":{"line":109,"column":41},"end":{"line":109,"column":68}},"7":{"start":{"line":115,"column":21},"end":{"line":115,"column":47}},"8":{"start":{"line":117,"column":2},"end":{"line":161,"column":4}},"9":{"start":{"line":129,"column":33},"end":{"line":129,"column":88}},"10":{"start":{"line":129,"column":55},"end":{"line":129,"column":87}},"11":{"start":{"line":146,"column":10},"end":{"line":147,"column":null}}},"fnMap":{"0":{"name":"RepositoryList","decl":{"start":{"line":73,"column":16},"end":{"line":73,"column":30}},"loc":{"start":{"line":79,"column":22},"end":{"line":162,"column":1}}},"1":{"name":"(anonymous_1)","decl":{"start":{"line":129,"column":27},"end":{"line":129,"column":30}},"loc":{"start":{"line":129,"column":33},"end":{"line":129,"column":88}}},"2":{"name":"(anonymous_2)","decl":{"start":{"line":129,"column":46},"end":{"line":129,"column":51}},"loc":{"start":{"line":129,"column":55},"end":{"line":129,"column":87}}},"3":{"name":"(anonymous_3)","decl":{"start":{"line":145,"column":44},"end":{"line":145,"column":45}},"loc":{"start":{"line":146,"column":10},"end":{"line":147,"column":null}}}},"branchMap":{"0":{"loc":{"start":{"line":78,"column":17},"end":{"line":78,"column":50}},"type":"default-arg","locations":[{"start":{"line":78,"column":30},"end":{"line":78,"column":50}}]},"1":{"loc":{"start":{"line":129,"column":55},"end":{"line":129,"column":87}},"type":"cond-expr","locations":[{"start":{"line":129,"column":73},"end":{"line":129,"column":79}},{"start":{"line":129,"column":82},"end":{"line":129,"column":87}}]},"2":{"loc":{"start":{"line":135,"column":9},"end":{"line":136,"column":null}},"type":"binary-expr","locations":[{"start":{"line":135,"column":9},"end":{"line":135,"column":16}},{"start":{"line":136,"column":10},"end":{"line":136,"column":86}}]},"3":{"loc":{"start":{"line":140,"column":9},"end":{"line":141,"column":null}},"type":"binary-expr","locations":[{"start":{"line":140,"column":9},"end":{"line":140,"column":14}},{"start":{"line":141,"column":10},"end":{"line":141,"column":84}}]},"4":{"loc":{"start":{"line":145,"column":9},"end":{"line":151,"column":10}},"type":"binary-expr","locations":[{"start":{"line":145,"column":9},"end":{"line":145,"column":21}},{"start":{"line":145,"column":25},"end":{"line":151,"column":10}}]}},"s":{"0":1,"1":1,"2":1,"3":1,"4":1,"5":10,"6":10,"7":10,"8":10,"9":1,"10":1,"11":14},"f":{"0":10,"1":1,"2":1,"3":14},"b":{"0":[10],"1":[0,1],"2":[10,1],"3":[10,1],"4":[10,10]}}
,"/home/runner/work/githubstats/githubstats/src/components/SearchForm/SearchForm.tsx": {"path":"/home/runner/work/githubstats/githubstats/src/components/SearchForm/SearchForm.tsx","statementMap":{"0":{"start":{"line":1,"column":0},"end":{"line":1,"column":64}},"1":{"start":{"line":2,"column":0},"end":{"line":2,"column":50}},"2":{"start":{"line":3,"column":0},"end":{"line":3,"column":56}},"3":{"start":{"line":90,"column":26},"end":{"line":209,"column":1}},"4":{"start":{"line":109,"column":6},"end":{"line":109,"column":43}},"5":{"start":{"line":111,"column":28},"end":{"line":116,"column":3}},"6":{"start":{"line":112,"column":18},"end":{"line":112,"column":32}},"7":{"start":{"line":113,"column":4},"end":{"line":113,"column":25}},"8":{"start":{"line":114,"column":4},"end":{"line":114,"column":29}},"9":{"start":{"line":115,"column":4},"end":{"line":115,"column":29}},"10":{"start":{"line":118,"column":32},"end":{"line":122,"column":3}},"11":{"start":{"line":119,"column":4},"end":{"line":119,"column":25}},"12":{"start":{"line":120,"column":4},"end":{"line":120,"column":28}},"13":{"start":{"line":121,"column":4},"end":{"line":121,"column":30}},"14":{"start":{"line":124,"column":2},"end":{"line":208,"column":4}},"15":{"start":{"line":127,"column":8},"end":{"line":127,"column":27}},"16":{"start":{"line":128,"column":8},"end":{"line":128,"column":39}},"17":{"start":{"line":128,"column":32},"end":{"line":128,"column":39}},"18":{"start":{"line":129,"column":8},"end":{"line":129,"column":34}},"19":{"start":{"line":130,"column":8},"end":{"line":130,"column":20}},"20":{"start":{"line":151,"column":29},"end":{"line":151,"column":53}},"21":{"start":{"line":90,"column":13},"end":{"line":90,"column":26}}},"fnMap":{"0":{"name":"(anonymous_0)","decl":{"start":{"line":90,"column":26},"end":{"line":90,"column":27}},"loc":{"start":{"line":98,"column":22},"end":{"line":209,"column":1}}},"1":{"name":"(anonymous_1)","decl":{"start":{"line":111,"column":28},"end":{"line":111,"column":29}},"loc":{"start":{"line":111,"column":71},"end":{"line":116,"column":3}}},"2":{"name":"(anonymous_2)","decl":{"start":{"line":118,"column":32},"end":{"line":118,"column":33}},"loc":{"start":{"line":118,"column":50},"end":{"line":122,"column":3}}},"3":{"name":"(anonymous_3)","decl":{"start":{"line":126,"column":16},"end":{"line":126,"column":17}},"loc":{"start":{"line":126,"column":22},"end":{"line":131,"column":7}}},"4":{"name":"(anonymous_4)","decl":{"start":{"line":151,"column":23},"end":{"line":151,"column":26}},"loc":{"start":{"line":151,"column":29},"end":{"line":151,"column":53}}}},"branchMap":{"0":{"loc":{"start":{"line":94,"column":2},"end":{"line":94,"column":40}},"type":"default-arg","locations":[{"start":{"line":94,"column":16},"end":{"line":94,"column":40}}]},"1":{"loc":{"start":{"line":95,"column":2},"end":{"line":95,"column":19}},"type":"default-arg","locations":[{"start":{"line":95,"column":14},"end":{"line":95,"column":19}}]},"2":{"loc":{"start":{"line":96,"column":2},"end":{"line":96,"column":16}},"type":"default-arg","locations":[{"start":{"line":96,"column":14},"end":{"line":96,"column":16}}]},"3":{"loc":{"start":{"line":97,"column":2},"end":{"line":97,"column":28}},"type":"default-arg","locations":[{"start":{"line":97,"column":15},"end":{"line":97,"column":28}}]},"4":{"loc":{"start":{"line":128,"column":8},"end":{"line":128,"column":39}},"type":"if","locations":[{"start":{"line":128,"column":8},"end":{"line":128,"column":39}}]},"5":{"loc":{"start":{"line":135,"column":19},"end":{"line":135,"column":46}},"type":"binary-expr","locations":[{"start":{"line":135,"column":19},"end":{"line":135,"column":29}},{"start":{"line":135,"column":33},"end":{"line":135,"column":46}}]},"6":{"loc":{"start":{"line":173,"column":13},"end":{"line":179,"column":null}},"type":"binary-expr","locations":[{"start":{"line":173,"column":13},"end":{"line":173,"column":22}},{"start":{"line":174,"column":14},"end":{"line":178,"column":null}}]},"7":{"loc":{"start":{"line":183,"column":13},"end":{"line":191,"column":null}},"type":"binary-expr","locations":[{"start":{"line":183,"column":13},"end":{"line":183,"column":28}},{"start":{"line":183,"column":32},"end":{"line":183,"column":54}},{"start":{"line":184,"column":14},"end":{"line":190,"column":null}}]}},"s":{"0":2,"1":2,"2":2,"3":2,"4":11,"5":11,"6":2,"7":2,"8":2,"9":2,"10":11,"11":1,"12":1,"13":1,"14":11,"15":2,"16":2,"17":1,"18":1,"19":1,"20":1,"21":2},"f":{"0":11,"1":2,"2":1,"3":2,"4":1},"b":{"0":[0],"1":[6],"2":[6],"3":[6],"4":[1],"5":[11,0],"6":[11,1],"7":[11,6,2]}}
,"/home/runner/work/githubstats/githubstats/src/components/SearchForm/SearchSuggestions.tsx": {"path":"/home/runner/work/githubstats/githubstats/src/components/SearchForm/SearchSuggestions.tsx","statementMap":{"0":{"start":{"line":87,"column":33},"end":{"line":140,"column":1}},"1":{"start":{"line":93,"column":16},"end":{"line":93,"column":103}},"2":{"start":{"line":93,"column":78},"end":{"line":93,"column":96}},"3":{"start":{"line":95,"column":2},"end":{"line":139,"column":4}},"4":{"start":{"line":112,"column":12},"end":{"line":113,"column":null}},"5":{"start":{"line":115,"column":29},"end":{"line":115,"column":58}},"6":{"start":{"line":87,"column":13},"end":{"line":87,"column":33}}},"fnMap":{"0":{"name":"(anonymous_0)","decl":{"start":{"line":87,"column":33},"end":{"line":87,"column":34}},"loc":{"start":{"line":92,"column":29},"end":{"line":140,"column":1}}},"1":{"name":"(anonymous_1)","decl":{"start":{"line":93,"column":49},"end":{"line":93,"column":50}},"loc":{"start":{"line":93,"column":78},"end":{"line":93,"column":96}}},"2":{"name":"(anonymous_2)","decl":{"start":{"line":111,"column":21},"end":{"line":111,"column":22}},"loc":{"start":{"line":112,"column":12},"end":{"line":113,"column":null}}},"3":{"name":"(anonymous_3)","decl":{"start":{"line":115,"column":23},"end":{"line":115,"column":26}},"loc":{"start":{"line":115,"column":29},"end":{"line":115,"column":58}}}},"branchMap":{"0":{"loc":{"start":{"line":93,"column":16},"end":{"line":93,"column":103}},"type":"binary-expr","locations":[{"start":{"line":93,"column":16},"end":{"line":93,"column":97}},{"start":{"line":93,"column":101},"end":{"line":93,"column":103}}]},"1":{"loc":{"start":{"line":93,"column":78},"end":{"line":93,"column":96}},"type":"binary-expr","locations":[{"start":{"line":93,"column":78},"end":{"line":93,"column":82}},{"start":{"line":93,"column":86},"end":{"line":93,"column":96}}]},"2":{"loc":{"start":{"line":101,"column":7},"end":{"line":136,"column":null}},"type":"cond-expr","locations":[{"start":{"line":102,"column":8},"end":{"line":102,"column":null}},{"start":{"line":105,"column":10},"end":{"line":136,"column":null}}]},"3":{"loc":{"start":{"line":105,"column":10},"end":{"line":136,"column":null}},"type":"cond-expr","locations":[{"start":{"line":106,"column":8},"end":{"line":106,"column":null}},{"start":{"line":110,"column":8},"end":{"line":135,"column":null}}]},"4":{"loc":{"start":{"line":128,"column":17},"end":{"line":131,"column":null}},"type":"binary-expr","locations":[{"start":{"line":128,"column":17},"end":{"line":128,"column":26}},{"start":{"line":129,"column":18},"end":{"line":130,"column":null}}]}},"s":{"0":3,"1":7,"2":6,"3":7,"4":6,"5":2,"6":3},"f":{"0":7,"1":6,"2":6,"3":2},"b":{"0":[7,2],"1":[6,6],"2":[1,6],"3":[2,4],"4":[6,4]}}
,"/home/runner/work/githubstats/githubstats/src/components/UserSection/UserProfile.tsx": {"path":"/home/runner/work/githubstats/githubstats/src/components/UserSection/UserProfile.tsx","statementMap":{"0":{"start":{"line":72,"column":0},"end":{"line":72,"column":16}},"1":{"start":{"line":2,"column":0},"end":{"line":2,"column":50}},"2":{"start":{"line":3,"column":0},"end":{"line":3,"column":52}},"3":{"start":{"line":76,"column":2},"end":{"line":123,"column":4}}},"fnMap":{"0":{"name":"UserProfile","decl":{"start":{"line":72,"column":16},"end":{"line":72,"column":27}},"loc":{"start":{"line":75,"column":19},"end":{"line":124,"column":1}}}},"branchMap":{"0":{"loc":{"start":{"line":92,"column":19},"end":{"line":92,"column":42}},"type":"binary-expr","locations":[{"start":{"line":92,"column":19},"end":{"line":92,"column":28}},{"start":{"line":92,"column":32},"end":{"line":92,"column":42}}]},"1":{"loc":{"start":{"line":97,"column":17},"end":{"line":100,"column":null}},"type":"binary-expr","locations":[{"start":{"line":97,"column":17},"end":{"line":97,"column":25}},{"start":{"line":98,"column":18},"end":{"line":99,"column":null}}]},"2":{"loc":{"start":{"line":103,"column":15},"end":{"line":114,"column":null}},"type":"binary-expr","locations":[{"start":{"line":103,"column":15},"end":{"line":103,"column":34}},{"start":{"line":104,"column":16},"end":{"line":113,"column":null}}]}},"s":{"0":2,"1":2,"2":2,"3":4},"f":{"0":4},"b":{"0":[4,0],"1":[4,4],"2":[4,1]}}
,"/home/runner/work/githubstats/githubstats/src/components/UserSection/UserSection.tsx": {"path":"/home/runner/work/githubstats/githubstats/src/components/UserSection/UserSection.tsx","statementMap":{"0":{"start":{"line":84,"column":0},"end":{"line":84,"column":16}},"1":{"start":{"line":2,"column":0},"end":{"line":2,"column":44}},"2":{"start":{"line":3,"column":0},"end":{"line":3,"column":48}},"3":{"start":{"line":89,"column":2},"end":{"line":100,"column":4}}},"fnMap":{"0":{"name":"UserSection","decl":{"start":{"line":84,"column":16},"end":{"line":84,"column":27}},"loc":{"start":{"line":88,"column":19},"end":{"line":101,"column":1}}}},"branchMap":{"0":{"loc":{"start":{"line":87,"column":2},"end":{"line":87,"column":29}},"type":"default-arg","locations":[{"start":{"line":87,"column":15},"end":{"line":87,"column":29}}]}},"s":{"0":1,"1":1,"2":1,"3":2},"f":{"0":2},"b":{"0":[2]}}
,"/home/runner/work/githubstats/githubstats/src/components/UserSection/UserSocialStats.tsx": {"path":"/home/runner/work/githubstats/githubstats/src/components/UserSection/UserSocialStats.tsx","statementMap":{"0":{"start":{"line":77,"column":0},"end":{"line":77,"column":16}},"1":{"start":{"line":2,"column":0},"end":{"line":2,"column":null}},"2":{"start":{"line":78,"column":2},"end":{"line":130,"column":4}},"3":{"start":{"line":116,"column":58},"end":{"line":116,"column":89}},"4":{"start":{"line":120,"column":68},"end":{"line":120,"column":99}}},"fnMap":{"0":{"name":"UserSocialStats","decl":{"start":{"line":77,"column":16},"end":{"line":77,"column":31}},"loc":{"start":{"line":77,"column":62},"end":{"line":131,"column":1}}},"1":{"name":"(anonymous_1)","decl":{"start":{"line":116,"column":47},"end":{"line":116,"column":54}},"loc":{"start":{"line":116,"column":58},"end":{"line":116,"column":89}}},"2":{"name":"(anonymous_2)","decl":{"start":{"line":120,"column":57},"end":{"line":120,"column":64}},"loc":{"start":{"line":120,"column":68},"end":{"line":120,"column":99}}}},"branchMap":{"0":{"loc":{"start":{"line":95,"column":15},"end":{"line":99,"column":null}},"type":"binary-expr","locations":[{"start":{"line":95,"column":15},"end":{"line":95,"column":28}},{"start":{"line":96,"column":16},"end":{"line":98,"column":null}}]},"1":{"loc":{"start":{"line":102,"column":15},"end":{"line":113,"column":null}},"type":"binary-expr","locations":[{"start":{"line":102,"column":15},"end":{"line":102,"column":30}},{"start":{"line":103,"column":16},"end":{"line":112,"column":null}}]},"2":{"loc":{"start":{"line":106,"column":26},"end":{"line":106,"column":109}},"type":"cond-expr","locations":[{"start":{"line":106,"column":63},"end":{"line":106,"column":78}},{"start":{"line":106,"column":81},"end":{"line":106,"column":109}}]},"3":{"loc":{"start":{"line":116,"column":15},"end":{"line":127,"column":null}},"type":"binary-expr","locations":[{"start":{"line":116,"column":15},"end":{"line":116,"column":95}},{"start":{"line":117,"column":16},"end":{"line":126,"column":null}}]}},"s":{"0":3,"1":3,"2":8,"3":8,"4":8},"f":{"0":8,"1":8,"2":8},"b":{"0":[8,8],"1":[8,8],"2":[7,1],"3":[8,8]}}
,"/home/runner/work/githubstats/githubstats/src/components/UserSection/UserStatsGrid.tsx": {"path":"/home/runner/work/githubstats/githubstats/src/components/UserSection/UserStatsGrid.tsx","statementMap":{"0":{"start":{"line":70,"column":0},"end":{"line":70,"column":16}},"1":{"start":{"line":2,"column":0},"end":{"line":2,"column":null}},"2":{"start":{"line":77,"column":21},"end":{"line":79,"column":null}},"3":{"start":{"line":78,"column":19},"end":{"line":78,"column":44}},"4":{"start":{"line":89,"column":16},"end":{"line":115,"column":4}},"5":{"start":{"line":117,"column":2},"end":{"line":140,"column":4}},"6":{"start":{"line":121,"column":12},"end":{"line":122,"column":null}}},"fnMap":{"0":{"name":"UserStatsGrid","decl":{"start":{"line":70,"column":16},"end":{"line":70,"column":29}},"loc":{"start":{"line":72,"column":21},"end":{"line":141,"column":1}}},"1":{"name":"(anonymous_1)","decl":{"start":{"line":78,"column":4},"end":{"line":78,"column":5}},"loc":{"start":{"line":78,"column":19},"end":{"line":78,"column":44}}},"2":{"name":"(anonymous_2)","decl":{"start":{"line":120,"column":21},"end":{"line":120,"column":22}},"loc":{"start":{"line":121,"column":12},"end":{"line":122,"column":null}}}},"branchMap":{"0":{"loc":{"start":{"line":124,"column":16},"end":{"line":124,"column":null}},"type":"cond-expr","locations":[{"start":{"line":124,"column":45},"end":{"line":124,"column":71}},{"start":{"line":124,"column":74},"end":{"line":124,"column":null}}]},"1":{"loc":{"start":{"line":126,"column":16},"end":{"line":126,"column":null}},"type":"cond-expr","locations":[{"start":{"line":126,"column":28},"end":{"line":126,"column":89}},{"start":{"line":126,"column":92},"end":{"line":126,"column":null}}]}},"s":{"0":2,"1":2,"2":5,"3":15,"4":5,"5":5,"6":25},"f":{"0":5,"1":15,"2":25},"b":{"0":[5,20],"1":[15,10]}}
,"/home/runner/work/githubstats/githubstats/src/graphql/queries.ts": {"path":"/home/runner/work/githubstats/githubstats/src/graphql/queries.ts","statementMap":{"0":{"start":{"line":1,"column":0},"end":{"line":1,"column":37}},"1":{"start":{"line":26,"column":13},"end":{"line":50,"column":2}},"2":{"start":{"line":76,"column":13},"end":{"line":102,"column":2}},"3":{"start":{"line":135,"column":13},"end":{"line":170,"column":2}},"4":{"start":{"line":195,"column":13},"end":{"line":211,"column":2}},"5":{"start":{"line":233,"column":13},"end":{"line":245,"column":2}}},"fnMap":{},"branchMap":{},"s":{"0":3,"1":3,"2":3,"3":3,"4":3,"5":3},"f":{},"b":{}}
,"/home/runner/work/githubstats/githubstats/src/hooks/useGitHubRank.ts": {"path":"/home/runner/work/githubstats/githubstats/src/hooks/useGitHubRank.ts","statementMap":{"0":{"start":{"line":57,"column":0},"end":{"line":57,"column":16}},"1":{"start":{"line":1,"column":0},"end":{"line":1,"column":32}},"2":{"start":{"line":10,"column":2},"end":{"line":10,"column":21}},"3":{"start":{"line":19,"column":2},"end":{"line":19,"column":21}},"4":{"start":{"line":58,"column":2},"end":{"line":155,"column":21}},"5":{"start":{"line":59,"column":4},"end":{"line":59,"column":38}},"6":{"start":{"line":59,"column":26},"end":{"line":59,"column":38}},"7":{"start":{"line":67,"column":31},"end":{"line":135,"column":5}},"8":{"start":{"line":69,"column":22},"end":{"line":69,"column":75}},"9":{"start":{"line":70,"column":20},"end":{"line":72,"column":null}},"10":{"start":{"line":71,"column":23},"end":{"line":71,"column":48}},"11":{"start":{"line":74,"column":18},"end":{"line":74,"column":46}},"12":{"start":{"line":75,"column":21},"end":{"line":75,"column":43}},"13":{"start":{"line":76,"column":24},"end":{"line":76,"column":49}},"14":{"start":{"line":77,"column":22},"end":{"line":77,"column":23}},"15":{"start":{"line":88,"column":29},"end":{"line":88,"column":32}},"16":{"start":{"line":89,"column":25},"end":{"line":89,"column":27}},"17":{"start":{"line":90,"column":28},"end":{"line":90,"column":30}},"18":{"start":{"line":91,"column":29},"end":{"line":91,"column":30}},"19":{"start":{"line":92,"column":27},"end":{"line":92,"column":29}},"20":{"start":{"line":93,"column":31},"end":{"line":93,"column":33}},"21":{"start":{"line":95,"column":29},"end":{"line":95,"column":30}},"22":{"start":{"line":96,"column":25},"end":{"line":96,"column":26}},"23":{"start":{"line":97,"column":28},"end":{"line":97,"column":29}},"24":{"start":{"line":98,"column":29},"end":{"line":98,"column":30}},"25":{"start":{"line":99,"column":27},"end":{"line":99,"column":28}},"26":{"start":{"line":100,"column":31},"end":{"line":100,"column":32}},"27":{"start":{"line":103,"column":8},"end":{"line":108,"column":24}},"28":{"start":{"line":112,"column":8},"end":{"line":119,"column":20}},"29":{"start":{"line":121,"column":25},"end":{"line":121,"column":35}},"30":{"start":{"line":134,"column":6},"end":{"line":134,"column":24}},"31":{"start":{"line":137,"column":19},"end":{"line":137,"column":44}},"32":{"start":{"line":138,"column":19},"end":{"line":138,"column":44}},"33":{"start":{"line":140,"column":19},"end":{"line":140,"column":42}},"34":{"start":{"line":141,"column":22},"end":{"line":141,"column":47}},"35":{"start":{"line":149,"column":4},"end":{"line":154,"column":6}}},"fnMap":{"0":{"name":"exponentialCdf","decl":{"start":{"line":9,"column":9},"end":{"line":9,"column":23}},"loc":{"start":{"line":9,"column":33},"end":{"line":11,"column":1}}},"1":{"name":"logNormalCdf","decl":{"start":{"line":18,"column":9},"end":{"line":18,"column":21}},"loc":{"start":{"line":18,"column":31},"end":{"line":20,"column":1}}},"2":{"name":"useGitHubRank","decl":{"start":{"line":57,"column":16},"end":{"line":57,"column":29}},"loc":{"start":{"line":57,"column":68},"end":{"line":156,"column":1}}},"3":{"name":"(anonymous_3)","decl":{"start":{"line":58,"column":17},"end":{"line":58,"column":20}},"loc":{"start":{"line":58,"column":22},"end":{"line":155,"column":3}}},"4":{"name":"(anonymous_4)","decl":{"start":{"line":67,"column":31},"end":{"line":67,"column":32}},"loc":{"start":{"line":67,"column":46},"end":{"line":135,"column":5}}},"5":{"name":"(anonymous_5)","decl":{"start":{"line":71,"column":8},"end":{"line":71,"column":9}},"loc":{"start":{"line":71,"column":23},"end":{"line":71,"column":48}}}},"branchMap":{"0":{"loc":{"start":{"line":59,"column":4},"end":{"line":59,"column":38}},"type":"if","locations":[{"start":{"line":59,"column":4},"end":{"line":59,"column":38}}]},"1":{"loc":{"start":{"line":59,"column":8},"end":{"line":59,"column":24}},"type":"binary-expr","locations":[{"start":{"line":59,"column":8},"end":{"line":59,"column":14}},{"start":{"line":59,"column":18},"end":{"line":59,"column":24}}]},"2":{"loc":{"start":{"line":140,"column":19},"end":{"line":140,"column":42}},"type":"cond-expr","locations":[{"start":{"line":140,"column":37},"end":{"line":140,"column":38}},{"start":{"line":140,"column":41},"end":{"line":140,"column":42}}]}},"s":{"0":2,"1":2,"2":56,"3":28,"4":10,"5":10,"6":3,"7":7,"8":14,"9":14,"10":26,"11":14,"12":14,"13":14,"14":14,"15":14,"16":14,"17":14,"18":14,"19":14,"20":14,"21":14,"22":14,"23":14,"24":14,"25":14,"26":14,"27":14,"28":14,"29":14,"30":14,"31":7,"32":7,"33":7,"34":7,"35":7},"f":{"0":56,"1":28,"2":10,"3":10,"4":14,"5":26},"b":{"0":[3],"1":[10,8],"2":[5,2]}}
,"/home/runner/work/githubstats/githubstats/src/hooks/useRepositoryFiltering.ts": {"path":"/home/runner/work/githubstats/githubstats/src/hooks/useRepositoryFiltering.ts","statementMap":{"0":{"start":{"line":25,"column":0},"end":{"line":25,"column":16}},"1":{"start":{"line":1,"column":0},"end":{"line":1,"column":33}},"2":{"start":{"line":27,"column":40},"end":{"line":27,"column":52}},"3":{"start":{"line":29,"column":50},"end":{"line":29,"column":62}},"4":{"start":{"line":31,"column":30},"end":{"line":31,"column":78}},"5":{"start":{"line":33,"column":36},"end":{"line":33,"column":68}},"6":{"start":{"line":35,"column":40},"end":{"line":35,"column":51}},"7":{"start":{"line":37,"column":23},"end":{"line":37,"column":25}},"8":{"start":{"line":43,"column":36},"end":{"line":70,"column":3}},"9":{"start":{"line":44,"column":21},"end":{"line":62,"column":8}},"10":{"start":{"line":46,"column":30},"end":{"line":46,"column":89}},"11":{"start":{"line":47,"column":32},"end":{"line":47,"column":100}},"12":{"start":{"line":48,"column":8},"end":{"line":48,"column":48}},"13":{"start":{"line":51,"column":22},"end":{"line":51,"column":50}},"14":{"start":{"line":52,"column":8},"end":{"line":61,"column":9}},"15":{"start":{"line":54,"column":12},"end":{"line":54,"column":65}},"16":{"start":{"line":56,"column":12},"end":{"line":56,"column":55}},"17":{"start":{"line":58,"column":12},"end":{"line":58,"column":95}},"18":{"start":{"line":60,"column":12},"end":{"line":60,"column":21}},"19":{"start":{"line":64,"column":23},"end":{"line":64,"column":55}},"20":{"start":{"line":65,"column":21},"end":{"line":65,"column":46}},"21":{"start":{"line":66,"column":4},"end":{"line":69,"column":6}},"22":{"start":{"line":76,"column":29},"end":{"line":81,"column":3}},"23":{"start":{"line":77,"column":22},"end":{"line":79,"column":47}},"24":{"start":{"line":78,"column":19},"end":{"line":78,"column":45}},"25":{"start":{"line":79,"column":40},"end":{"line":79,"column":46}},"26":{"start":{"line":80,"column":4},"end":{"line":80,"column":42}},"27":{"start":{"line":83,"column":2},"end":{"line":97,"column":4}}},"fnMap":{"0":{"name":"useRepositoryFiltering","decl":{"start":{"line":25,"column":16},"end":{"line":25,"column":38}},"loc":{"start":{"line":25,"column":65},"end":{"line":98,"column":1}}},"1":{"name":"(anonymous_1)","decl":{"start":{"line":43,"column":36},"end":{"line":43,"column":39}},"loc":{"start":{"line":43,"column":41},"end":{"line":70,"column":3}}},"2":{"name":"(anonymous_2)","decl":{"start":{"line":45,"column":14},"end":{"line":45,"column":18}},"loc":{"start":{"line":45,"column":21},"end":{"line":49,"column":7}}},"3":{"name":"(anonymous_3)","decl":{"start":{"line":50,"column":12},"end":{"line":50,"column":13}},"loc":{"start":{"line":50,"column":21},"end":{"line":62,"column":7}}},"4":{"name":"(anonymous_4)","decl":{"start":{"line":76,"column":29},"end":{"line":76,"column":32}},"loc":{"start":{"line":76,"column":34},"end":{"line":81,"column":3}}},"5":{"name":"(anonymous_5)","decl":{"start":{"line":78,"column":11},"end":{"line":78,"column":15}},"loc":{"start":{"line":78,"column":19},"end":{"line":78,"column":45}}},"6":{"name":"(anonymous_6)","decl":{"start":{"line":79,"column":14},"end":{"line":79,"column":15}},"loc":{"start":{"line":79,"column":40},"end":{"line":79,"column":46}}}},"branchMap":{"0":{"loc":{"start":{"line":47,"column":32},"end":{"line":47,"column":100}},"type":"binary-expr","locations":[{"start":{"line":47,"column":32},"end":{"line":47,"column":49}},{"start":{"line":47,"column":53},"end":{"line":47,"column":100}}]},"1":{"loc":{"start":{"line":48,"column":15},"end":{"line":48,"column":47}},"type":"binary-expr","locations":[{"start":{"line":48,"column":15},"end":{"line":48,"column":28}},{"start":{"line":48,"column":32},"end":{"line":48,"column":47}}]},"2":{"loc":{"start":{"line":51,"column":22},"end":{"line":51,"column":50}},"type":"cond-expr","locations":[{"start":{"line":51,"column":44},"end":{"line":51,"column":45}},{"start":{"line":51,"column":48},"end":{"line":51,"column":50}}]},"3":{"loc":{"start":{"line":52,"column":8},"end":{"line":61,"column":9}},"type":"switch","locations":[{"start":{"line":53,"column":10},"end":{"line":54,"column":65}},{"start":{"line":55,"column":10},"end":{"line":56,"column":55}},{"start":{"line":57,"column":10},"end":{"line":58,"column":95}},{"start":{"line":59,"column":10},"end":{"line":60,"column":21}}]}},"s":{"0":1,"1":1,"2":10,"3":10,"4":10,"5":10,"6":10,"7":10,"8":10,"9":10,"10":16,"11":16,"12":16,"13":6,"14":6,"15":6,"16":0,"17":0,"18":0,"19":10,"20":10,"21":10,"22":10,"23":10,"24":16,"25":16,"26":10,"27":10},"f":{"0":10,"1":10,"2":16,"3":6,"4":10,"5":16,"6":16},"b":{"0":[16,2],"1":[16,15],"2":[1,5],"3":[6,0,0,0]}}
,"/home/runner/work/githubstats/githubstats/src/hooks/useSearch.ts": {"path":"/home/runner/work/githubstats/githubstats/src/hooks/useSearch.ts","statementMap":{"0":{"start":{"line":1,"column":0},"end":{"line":1,"column":42}},"1":{"start":{"line":2,"column":0},"end":{"line":2,"column":52}},"2":{"start":{"line":3,"column":0},"end":{"line":3,"column":39}},"3":{"start":{"line":4,"column":0},"end":{"line":4,"column":50}},"4":{"start":{"line":6,"column":25},"end":{"line":67,"column":1}},"5":{"start":{"line":7,"column":38},"end":{"line":7,"column":56}},"6":{"start":{"line":8,"column":48},"end":{"line":8,"column":63}},"7":{"start":{"line":9,"column":24},"end":{"line":9,"column":52}},"8":{"start":{"line":10,"column":19},"end":{"line":10,"column":49}},"9":{"start":{"line":12,"column":43},"end":{"line":16,"column":4}},"10":{"start":{"line":18,"column":28},"end":{"line":22,"column":11}},"11":{"start":{"line":20,"column":6},"end":{"line":20,"column":30}},"12":{"start":{"line":24,"column":2},"end":{"line":33,"column":9}},"13":{"start":{"line":25,"column":31},"end":{"line":29,"column":5}},"14":{"start":{"line":26,"column":6},"end":{"line":28,"column":7}},"15":{"start":{"line":27,"column":8},"end":{"line":27,"column":34}},"16":{"start":{"line":31,"column":4},"end":{"line":31,"column":63}},"17":{"start":{"line":32,"column":4},"end":{"line":32,"column":79}},"18":{"start":{"line":32,"column":17},"end":{"line":32,"column":78}},"19":{"start":{"line":35,"column":2},"end":{"line":48,"column":9}},"20":{"start":{"line":36,"column":27},"end":{"line":44,"column":5}},"21":{"start":{"line":37,"column":6},"end":{"line":43,"column":7}},"22":{"start":{"line":41,"column":8},"end":{"line":41,"column":27}},"23":{"start":{"line":42,"column":8},"end":{"line":42,"column":34}},"24":{"start":{"line":46,"column":4},"end":{"line":46,"column":57}},"25":{"start":{"line":47,"column":4},"end":{"line":47,"column":73}},"26":{"start":{"line":47,"column":17},"end":{"line":47,"column":72}},"27":{"start":{"line":50,"column":2},"end":{"line":54,"column":26}},"28":{"start":{"line":51,"column":4},"end":{"line":53,"column":6}},"29":{"start":{"line":52,"column":6},"end":{"line":52,"column":33}},"30":{"start":{"line":56,"column":2},"end":{"line":66,"column":4}},"31":{"start":{"line":6,"column":13},"end":{"line":6,"column":25}}},"fnMap":{"0":{"name":"(anonymous_1)","decl":{"start":{"line":6,"column":25},"end":{"line":6,"column":26}},"loc":{"start":{"line":6,"column":92},"end":{"line":67,"column":1}}},"1":{"name":"(anonymous_2)","decl":{"start":{"line":19,"column":13},"end":{"line":19,"column":14}},"loc":{"start":{"line":19,"column":31},"end":{"line":21,"column":5}}},"2":{"name":"(anonymous_3)","decl":{"start":{"line":24,"column":12},"end":{"line":24,"column":15}},"loc":{"start":{"line":24,"column":17},"end":{"line":33,"column":3}}},"3":{"name":"(anonymous_4)","decl":{"start":{"line":25,"column":31},"end":{"line":25,"column":32}},"loc":{"start":{"line":25,"column":53},"end":{"line":29,"column":5}}},"4":{"name":"(anonymous_5)","decl":{"start":{"line":32,"column":11},"end":{"line":32,"column":14}},"loc":{"start":{"line":32,"column":17},"end":{"line":32,"column":78}}},"5":{"name":"(anonymous_6)","decl":{"start":{"line":35,"column":12},"end":{"line":35,"column":15}},"loc":{"start":{"line":35,"column":17},"end":{"line":48,"column":3}}},"6":{"name":"(anonymous_7)","decl":{"start":{"line":36,"column":27},"end":{"line":36,"column":28}},"loc":{"start":{"line":36,"column":48},"end":{"line":44,"column":5}}},"7":{"name":"(anonymous_8)","decl":{"start":{"line":47,"column":11},"end":{"line":47,"column":14}},"loc":{"start":{"line":47,"column":17},"end":{"line":47,"column":72}}},"8":{"name":"(anonymous_9)","decl":{"start":{"line":50,"column":12},"end":{"line":50,"column":15}},"loc":{"start":{"line":50,"column":17},"end":{"line":54,"column":3}}},"9":{"name":"(anonymous_10)","decl":{"start":{"line":51,"column":11},"end":{"line":51,"column":14}},"loc":{"start":{"line":51,"column":16},"end":{"line":53,"column":5}}}},"branchMap":{"0":{"loc":{"start":{"line":26,"column":6},"end":{"line":28,"column":7}},"type":"if","locations":[{"start":{"line":26,"column":6},"end":{"line":28,"column":7}}]},"1":{"loc":{"start":{"line":26,"column":10},"end":{"line":26,"column":88}},"type":"binary-expr","locations":[{"start":{"line":26,"column":10},"end":{"line":26,"column":31}},{"start":{"line":26,"column":35},"end":{"line":26,"column":88}}]},"2":{"loc":{"start":{"line":37,"column":6},"end":{"line":43,"column":7}},"type":"if","locations":[{"start":{"line":37,"column":6},"end":{"line":43,"column":7}}]},"3":{"loc":{"start":{"line":38,"column":8},"end":{"line":39,"column":74}},"type":"binary-expr","locations":[{"start":{"line":38,"column":8},"end":{"line":38,"column":21}},{"start":{"line":39,"column":8},"end":{"line":39,"column":74}}]}},"s":{"0":1,"1":1,"2":1,"3":1,"4":1,"5":5,"6":5,"7":5,"8":5,"9":5,"10":5,"11":0,"12":5,"13":5,"14":0,"15":0,"16":5,"17":5,"18":5,"19":5,"20":5,"21":0,"22":0,"23":0,"24":5,"25":5,"26":5,"27":5,"28":5,"29":5,"30":5,"31":1},"f":{"0":5,"1":0,"2":5,"3":0,"4":5,"5":5,"6":0,"7":5,"8":5,"9":5},"b":{"0":[0],"1":[0,0],"2":[0],"3":[0,0]}}
,"/home/runner/work/githubstats/githubstats/src/hooks/useUserQueries.ts": {"path":"/home/runner/work/githubstats/githubstats/src/hooks/useUserQueries.ts","statementMap":{"0":{"start":{"line":63,"column":0},"end":{"line":63,"column":16}},"1":{"start":{"line":1,"column":0},"end":{"line":1,"column":55}},"2":{"start":{"line":3,"column":0},"end":{"line":3,"column":91}},"3":{"start":{"line":65,"column":69},"end":{"line":68,"column":4}},"4":{"start":{"line":71,"column":78},"end":{"line":74,"column":4}},"5":{"start":{"line":77,"column":72},"end":{"line":80,"column":4}},"6":{"start":{"line":83,"column":19},"end":{"line":89,"column":10}},"7":{"start":{"line":92,"column":18},"end":{"line":92,"column":72}},"8":{"start":{"line":93,"column":16},"end":{"line":93,"column":63}},"9":{"start":{"line":95,"column":2},"end":{"line":95,"column":38}}},"fnMap":{"0":{"name":"useUserQueries","decl":{"start":{"line":63,"column":16},"end":{"line":63,"column":30}},"loc":{"start":{"line":63,"column":62},"end":{"line":96,"column":1}}}},"branchMap":{"0":{"loc":{"start":{"line":67,"column":10},"end":{"line":67,"column":27}},"type":"binary-expr","locations":[{"start":{"line":67,"column":10},"end":{"line":67,"column":14}},{"start":{"line":67,"column":18},"end":{"line":67,"column":27}}]},"1":{"loc":{"start":{"line":73,"column":10},"end":{"line":73,"column":27}},"type":"binary-expr","locations":[{"start":{"line":73,"column":10},"end":{"line":73,"column":14}},{"start":{"line":73,"column":18},"end":{"line":73,"column":27}}]},"2":{"loc":{"start":{"line":79,"column":10},"end":{"line":79,"column":27}},"type":"binary-expr","locations":[{"start":{"line":79,"column":10},"end":{"line":79,"column":14}},{"start":{"line":79,"column":18},"end":{"line":79,"column":27}}]},"3":{"loc":{"start":{"line":83,"column":19},"end":{"line":89,"column":10}},"type":"cond-expr","locations":[{"start":{"line":84,"column":6},"end":{"line":88,"column":null}},{"start":{"line":89,"column":6},"end":{"line":89,"column":10}}]},"4":{"loc":{"start":{"line":83,"column":19},"end":{"line":83,"column":73}},"type":"binary-expr","locations":[{"start":{"line":83,"column":19},"end":{"line":83,"column":33}},{"start":{"line":83,"column":37},"end":{"line":83,"column":54}},{"start":{"line":83,"column":58},"end":{"line":83,"column":73}}]},"5":{"loc":{"start":{"line":92,"column":18},"end":{"line":92,"column":72}},"type":"binary-expr","locations":[{"start":{"line":92,"column":18},"end":{"line":92,"column":29}},{"start":{"line":92,"column":33},"end":{"line":92,"column":47}},{"start":{"line":92,"column":51},"end":{"line":92,"column":63}},{"start":{"line":92,"column":67},"end":{"line":92,"column":72}}]},"6":{"loc":{"start":{"line":93,"column":16},"end":{"line":93,"column":63}},"type":"binary-expr","locations":[{"start":{"line":93,"column":16},"end":{"line":93,"column":25}},{"start":{"line":93,"column":29},"end":{"line":93,"column":41}},{"start":{"line":93,"column":45},"end":{"line":93,"column":55}},{"start":{"line":93,"column":59},"end":{"line":93,"column":63}}]}},"s":{"0":2,"1":2,"2":2,"3":3,"4":3,"5":3,"6":3,"7":3,"8":3,"9":3},"f":{"0":3},"b":{"0":[3,2],"1":[3,2],"2":[3,2],"3":[1,2],"4":[3,1,1],"5":[3,2,2,2],"6":[3,3,3,3]}}
}
