TN:
SF:src/components/ComparisonView/ComparisonView.tsx
FN:20,ComparisonView
FN:36,(anonymous_1)
FN:44,(anonymous_2)
FNF:3
FNH:2
FNDA:5,ComparisonView
FNDA:0,(anonymous_1)
FNDA:5,(anonymous_2)
DA:1,1
DA:2,1
DA:3,1
DA:4,1
DA:5,1
DA:6,1
DA:7,1
DA:20,1
DA:21,5
DA:22,5
DA:31,5
DA:36,5
DA:37,0
DA:38,0
DA:44,5
DA:45,5
DA:46,5
DA:49,5
LF:18
LH:16
BRDA:21,0,0,5
BRDA:21,0,1,5
BRDA:22,1,0,5
BRDA:22,1,1,5
BRDA:45,2,0,5
BRDA:45,2,1,2
BRDA:52,3,0,5
BRDA:52,3,1,1
BRDA:72,4,0,5
BRDA:72,4,1,2
BRDA:91,5,0,2
BRDA:91,5,1,0
BRDA:93,6,0,2
BRDA:93,6,1,2
BRF:14
BRH:13
end_of_record
TN:
SF:src/components/ComparisonView/ErrorDisplay.tsx
FN:57,ErrorDisplay
FN:74,(anonymous_1)
FN:97,(anonymous_2)
FNF:3
FNH:3
FNDA:8,ErrorDisplay
FNDA:7,(anonymous_1)
FNDA:1,(anonymous_2)
DA:2,2
DA:57,2
DA:58,8
DA:60,8
DA:74,7
DA:75,7
DA:76,1
DA:78,6
DA:79,1
DA:81,5
DA:82,1
DA:84,4
DA:87,7
DA:97,1
LF:14
LH:14
BRDA:60,0,0,1
BRDA:75,1,0,1
BRDA:78,2,0,1
BRDA:81,3,0,1
BRF:4
BRH:4
end_of_record
TN:
SF:src/components/MainView/BackgroundEffects.tsx
FN:37,(anonymous_0)
FNF:1
FNH:1
FNDA:3,(anonymous_0)
DA:37,1
DA:38,3
LF:2
LH:2
BRF:0
BRH:0
end_of_record
TN:
SF:src/components/MainView/Logo.tsx
FN:46,(anonymous_0)
FNF:1
FNH:1
FNDA:6,(anonymous_0)
DA:46,1
DA:47,6
LF:2
LH:2
BRDA:46,0,0,0
BRF:1
BRH:0
end_of_record
TN:
SF:src/components/MainView/MainView.tsx
FN:36,(anonymous_0)
FN:40,(anonymous_1)
FNF:2
FNH:2
FNDA:3,(anonymous_0)
FNDA:2,(anonymous_1)
DA:1,1
DA:2,1
DA:3,1
DA:4,1
DA:5,1
DA:6,1
DA:36,1
DA:38,3
DA:40,3
DA:41,2
DA:42,0
DA:46,3
LF:12
LH:11
BRDA:41,0,0,0
BRDA:55,1,0,1
BRDA:55,1,1,2
BRDA:66,2,0,1
BRDA:66,2,1,2
BRDA:68,3,0,1
BRDA:68,3,1,2
BRDA:69,4,0,1
BRDA:69,4,1,2
BRDA:92,5,0,3
BRDA:92,5,1,1
BRF:11
BRH:10
end_of_record
TN:
SF:src/components/MainView/ThemeToggle.tsx
FN:23,ThemeToggle
FNF:1
FNH:1
FNDA:4,ThemeToggle
DA:1,1
DA:2,1
DA:3,1
DA:23,1
DA:24,4
DA:26,3
LF:6
LH:6
BRDA:42,0,0,0
BRDA:42,0,1,3
BRDA:36,1,0,0
BRDA:36,1,1,3
BRF:4
BRH:2
end_of_record
TN:
SF:src/components/MainView/TopHeader.tsx
FN:27,(anonymous_0)
FNF:1
FNH:1
FNDA:4,(anonymous_0)
DA:1,1
DA:2,1
DA:27,1
DA:28,4
LF:4
LH:4
BRF:0
BRH:0
end_of_record
TN:
SF:src/components/RepositoryCard/RepositoryCard.tsx
FN:66,(anonymous_0)
FNF:1
FNH:1
FNDA:18,(anonymous_0)
DA:2,2
DA:3,2
DA:66,2
DA:67,18
LF:4
LH:4
BRDA:85,0,0,18
BRDA:85,0,1,17
BRDA:94,1,0,18
BRDA:94,1,1,17
BRDA:106,2,0,18
BRDA:106,2,1,17
BRDA:119,3,0,18
BRDA:119,3,1,17
BRDA:132,4,0,18
BRDA:132,4,1,18
BRDA:137,5,0,18
BRDA:137,5,1,0
BRF:12
BRH:11
end_of_record
TN:
SF:src/components/RepositoryList/FilterControls.tsx
FN:88,FilterControls
FN:110,(anonymous_1)
FN:125,(anonymous_2)
FN:134,(anonymous_3)
FN:146,(anonymous_4)
FNF:5
FNH:5
FNDA:16,FilterControls
FNDA:1,(anonymous_1)
FNDA:2,(anonymous_2)
FNDA:34,(anonymous_3)
FNDA:2,(anonymous_4)
DA:1,2
DA:7,2
DA:88,2
DA:99,16
DA:110,1
DA:125,2
DA:135,34
DA:146,2
LF:8
LH:8
BRDA:169,0,0,2
BRDA:169,0,1,14
BRDA:172,1,0,2
BRDA:172,1,1,14
BRF:4
BRH:4
end_of_record
TN:
SF:src/components/RepositoryList/Pagination.tsx
FN:64,Pagination
FN:71,(anonymous_1)
FN:84,(anonymous_2)
FN:106,(anonymous_3)
FNF:4
FNH:4
FNDA:21,Pagination
FNDA:2,(anonymous_1)
FNDA:1,(anonymous_2)
FNDA:1,(anonymous_3)
DA:1,2
DA:64,2
DA:69,21
DA:71,10
DA:72,2
DA:73,2
DA:77,10
DA:84,1
DA:106,1
LF:9
LH:9
BRDA:69,0,0,11
BRDA:72,1,0,2
BRDA:72,2,0,2
BRDA:72,2,1,2
BRF:4
BRH:4
end_of_record
TN:
SF:src/components/RepositoryList/RepositoryList.tsx
FN:73,RepositoryList
FN:129,(anonymous_1)
FN:129,(anonymous_2)
FN:145,(anonymous_3)
FNF:4
FNH:4
FNDA:10,RepositoryList
FNDA:1,(anonymous_1)
FNDA:1,(anonymous_2)
FNDA:14,(anonymous_3)
DA:2,1
DA:3,1
DA:4,1
DA:5,1
DA:73,1
DA:101,10
DA:109,10
DA:115,10
DA:117,10
DA:129,1
DA:146,14
LF:11
LH:11
BRDA:78,0,0,10
BRDA:129,1,0,0
BRDA:129,1,1,1
BRDA:135,2,0,10
BRDA:135,2,1,1
BRDA:140,3,0,10
BRDA:140,3,1,1
BRDA:145,4,0,10
BRDA:145,4,1,10
BRF:9
BRH:8
end_of_record
TN:
SF:src/components/SearchForm/SearchForm.tsx
FN:90,(anonymous_0)
FN:111,(anonymous_1)
FN:118,(anonymous_2)
FN:126,(anonymous_3)
FN:151,(anonymous_4)
FNF:5
FNH:5
FNDA:11,(anonymous_0)
FNDA:2,(anonymous_1)
FNDA:1,(anonymous_2)
FNDA:2,(anonymous_3)
FNDA:1,(anonymous_4)
DA:1,2
DA:2,2
DA:3,2
DA:90,2
DA:109,11
DA:111,11
DA:112,2
DA:113,2
DA:114,2
DA:115,2
DA:118,11
DA:119,1
DA:120,1
DA:121,1
DA:124,11
DA:127,2
DA:128,2
DA:129,1
DA:130,1
DA:151,1
LF:20
LH:20
BRDA:94,0,0,0
BRDA:95,1,0,6
BRDA:96,2,0,6
BRDA:97,3,0,6
BRDA:128,4,0,1
BRDA:135,5,0,11
BRDA:135,5,1,0
BRDA:173,6,0,11
BRDA:173,6,1,1
BRDA:183,7,0,11
BRDA:183,7,1,6
BRDA:183,7,2,2
BRF:12
BRH:10
end_of_record
TN:
SF:src/components/SearchForm/SearchSuggestions.tsx
FN:87,(anonymous_0)
FN:93,(anonymous_1)
FN:111,(anonymous_2)
FN:115,(anonymous_3)
FNF:4
FNH:4
FNDA:7,(anonymous_0)
FNDA:6,(anonymous_1)
FNDA:6,(anonymous_2)
FNDA:2,(anonymous_3)
DA:87,3
DA:93,7
DA:95,7
DA:112,6
DA:115,2
LF:5
LH:5
BRDA:93,0,0,7
BRDA:93,0,1,2
BRDA:93,1,0,6
BRDA:93,1,1,6
BRDA:101,2,0,1
BRDA:101,2,1,6
BRDA:105,3,0,2
BRDA:105,3,1,4
BRDA:128,4,0,6
BRDA:128,4,1,4
BRF:10
BRH:10
end_of_record
TN:
SF:src/components/UserSection/UserProfile.tsx
FN:72,UserProfile
FNF:1
FNH:1
FNDA:4,UserProfile
DA:2,2
DA:3,2
DA:72,2
DA:76,4
LF:4
LH:4
BRDA:92,0,0,4
BRDA:92,0,1,0
BRDA:97,1,0,4
BRDA:97,1,1,4
BRDA:103,2,0,4
BRDA:103,2,1,1
BRF:6
BRH:5
end_of_record
TN:
SF:src/components/UserSection/UserSection.tsx
FN:84,UserSection
FNF:1
FNH:1
FNDA:2,UserSection
DA:2,1
DA:3,1
DA:84,1
DA:89,2
LF:4
LH:4
BRDA:87,0,0,2
BRF:1
BRH:1
end_of_record
TN:
SF:src/components/UserSection/UserSocialStats.tsx
FN:77,UserSocialStats
FN:116,(anonymous_1)
FN:120,(anonymous_2)
FNF:3
FNH:3
FNDA:8,UserSocialStats
FNDA:8,(anonymous_1)
FNDA:8,(anonymous_2)
DA:2,3
DA:77,3
DA:78,8
DA:116,8
DA:120,8
LF:5
LH:5
BRDA:95,0,0,8
BRDA:95,0,1,8
BRDA:102,1,0,8
BRDA:102,1,1,8
BRDA:106,2,0,7
BRDA:106,2,1,1
BRDA:116,3,0,8
BRDA:116,3,1,8
BRF:8
BRH:8
end_of_record
TN:
SF:src/components/UserSection/UserStatsGrid.tsx
FN:70,UserStatsGrid
FN:78,(anonymous_1)
FN:120,(anonymous_2)
FNF:3
FNH:3
FNDA:5,UserStatsGrid
FNDA:15,(anonymous_1)
FNDA:25,(anonymous_2)
DA:2,2
DA:70,2
DA:77,5
DA:78,15
DA:89,5
DA:117,5
DA:121,25
LF:7
LH:7
BRDA:124,0,0,5
BRDA:124,0,1,20
BRDA:126,1,0,15
BRDA:126,1,1,10
BRF:4
BRH:4
end_of_record
TN:
SF:src/graphql/queries.ts
FNF:0
FNH:0
DA:1,3
DA:26,3
DA:76,3
DA:135,3
DA:195,3
DA:233,3
LF:6
LH:6
BRF:0
BRH:0
end_of_record
TN:
SF:src/hooks/useGitHubRank.ts
FN:9,exponentialCdf
FN:18,logNormalCdf
FN:57,useGitHubRank
FN:58,(anonymous_3)
FN:67,(anonymous_4)
FN:71,(anonymous_5)
FNF:6
FNH:6
FNDA:56,exponentialCdf
FNDA:28,logNormalCdf
FNDA:10,useGitHubRank
FNDA:10,(anonymous_3)
FNDA:14,(anonymous_4)
FNDA:26,(anonymous_5)
DA:1,2
DA:10,56
DA:19,28
DA:57,2
DA:58,10
DA:59,10
DA:67,7
DA:69,14
DA:70,14
DA:71,26
DA:74,14
DA:75,14
DA:76,14
DA:77,14
DA:88,14
DA:89,14
DA:90,14
DA:91,14
DA:92,14
DA:93,14
DA:95,14
DA:96,14
DA:97,14
DA:98,14
DA:99,14
DA:100,14
DA:103,14
DA:112,14
DA:121,14
DA:134,14
DA:137,7
DA:138,7
DA:140,7
DA:141,7
DA:149,7
LF:35
LH:35
BRDA:59,0,0,3
BRDA:59,1,0,10
BRDA:59,1,1,8
BRDA:140,2,0,5
BRDA:140,2,1,2
BRF:5
BRH:5
end_of_record
TN:
SF:src/hooks/useRepositoryFiltering.ts
FN:25,useRepositoryFiltering
FN:43,(anonymous_1)
FN:45,(anonymous_2)
FN:50,(anonymous_3)
FN:76,(anonymous_4)
FN:78,(anonymous_5)
FN:79,(anonymous_6)
FNF:7
FNH:7
FNDA:10,useRepositoryFiltering
FNDA:10,(anonymous_1)
FNDA:16,(anonymous_2)
FNDA:6,(anonymous_3)
FNDA:10,(anonymous_4)
FNDA:16,(anonymous_5)
FNDA:16,(anonymous_6)
DA:1,1
DA:25,1
DA:27,10
DA:29,10
DA:31,10
DA:33,10
DA:35,10
DA:37,10
DA:43,10
DA:44,10
DA:46,16
DA:47,16
DA:48,16
DA:51,6
DA:52,6
DA:54,6
DA:56,0
DA:58,0
DA:60,0
DA:64,10
DA:65,10
DA:66,10
DA:76,10
DA:77,10
DA:78,16
DA:79,16
DA:80,10
DA:83,10
LF:28
LH:25
BRDA:47,0,0,16
BRDA:47,0,1,2
BRDA:48,1,0,16
BRDA:48,1,1,15
BRDA:51,2,0,1
BRDA:51,2,1,5
BRDA:52,3,0,6
BRDA:52,3,1,0
BRDA:52,3,2,0
BRDA:52,3,3,0
BRF:10
BRH:7
end_of_record
TN:
SF:src/hooks/useSearch.ts
FN:6,(anonymous_1)
FN:19,(anonymous_2)
FN:24,(anonymous_3)
FN:25,(anonymous_4)
FN:32,(anonymous_5)
FN:35,(anonymous_6)
FN:36,(anonymous_7)
FN:47,(anonymous_8)
FN:50,(anonymous_9)
FN:51,(anonymous_10)
FNF:10
FNH:7
FNDA:5,(anonymous_1)
FNDA:0,(anonymous_2)
FNDA:5,(anonymous_3)
FNDA:0,(anonymous_4)
FNDA:5,(anonymous_5)
FNDA:5,(anonymous_6)
FNDA:0,(anonymous_7)
FNDA:5,(anonymous_8)
FNDA:5,(anonymous_9)
FNDA:5,(anonymous_10)
DA:1,1
DA:2,1
DA:3,1
DA:4,1
DA:6,1
DA:7,5
DA:8,5
DA:9,5
DA:10,5
DA:12,5
DA:18,5
DA:20,0
DA:24,5
DA:25,5
DA:26,0
DA:27,0
DA:31,5
DA:32,5
DA:35,5
DA:36,5
DA:37,0
DA:41,0
DA:42,0
DA:46,5
DA:47,5
DA:50,5
DA:51,5
DA:52,5
DA:56,5
LF:29
LH:23
BRDA:26,0,0,0
BRDA:26,1,0,0
BRDA:26,1,1,0
BRDA:37,2,0,0
BRDA:38,3,0,0
BRDA:38,3,1,0
BRF:6
BRH:0
end_of_record
TN:
SF:src/hooks/useUserQueries.ts
FN:63,useUserQueries
FNF:1
FNH:1
FNDA:3,useUserQueries
DA:1,2
DA:3,2
DA:63,2
DA:65,3
DA:71,3
DA:77,3
DA:83,3
DA:92,3
DA:93,3
DA:95,3
LF:10
LH:10
BRDA:67,0,0,3
BRDA:67,0,1,2
BRDA:73,1,0,3
BRDA:73,1,1,2
BRDA:79,2,0,3
BRDA:79,2,1,2
BRDA:83,3,0,1
BRDA:83,3,1,2
BRDA:83,4,0,3
BRDA:83,4,1,1
BRDA:83,4,2,1
BRDA:92,5,0,3
BRDA:92,5,1,2
BRDA:92,5,2,2
BRDA:92,5,3,2
BRDA:93,6,0,3
BRDA:93,6,1,3
BRDA:93,6,2,3
BRDA:93,6,3,3
BRF:19
BRH:19
end_of_record
