TN:
SF:src/components/ComparisonView/ComparisonControls.tsx
FN:82,ComparisonControls
FNF:1
FNH:0
FNDA:0,ComparisonControls
DA:93,0
LF:1
LH:0
BRDA:100,0,0,0
BRDA:100,0,1,0
BRDA:109,1,0,0
BRDA:109,1,1,0
BRDA:113,2,0,0
BRDA:113,2,1,0
BRDA:115,3,0,0
BRDA:115,3,1,0
BRDA:119,4,0,0
BRDA:119,4,1,0
BRF:10
BRH:0
end_of_record
TN:
SF:src/components/ComparisonView/ComparisonView.tsx
FN:67,ComparisonView
FN:102,(anonymous_1)
FN:109,(anonymous_2)
FN:117,(anonymous_3)
FN:140,(anonymous_4)
FN:140,(anonymous_5)
FN:141,(anonymous_6)
FN:141,(anonymous_7)
FNF:8
FNH:0
FNDA:0,ComparisonView
FNDA:0,(anonymous_1)
FNDA:0,(anonymous_2)
FNDA:0,(anonymous_3)
FNDA:0,(anonymous_4)
FNDA:0,(anonymous_5)
FNDA:0,(anonymous_6)
FNDA:0,(anonymous_7)
DA:69,0
DA:78,0
DA:87,0
DA:92,0
DA:102,0
DA:103,0
DA:109,0
DA:110,0
DA:117,0
DA:119,0
DA:120,0
DA:123,0
DA:140,0
DA:141,0
LF:14
LH:0
BRDA:94,0,0,0
BRDA:94,0,1,0
BRDA:94,0,2,0
BRDA:94,0,3,0
BRDA:119,1,0,0
BRDA:119,1,1,0
BRDA:126,2,0,0
BRDA:126,2,1,0
BRDA:126,2,2,0
BRDA:128,3,0,0
BRDA:128,3,1,0
BRDA:129,4,0,0
BRDA:129,4,1,0
BRDA:147,5,0,0
BRDA:147,5,1,0
BRDA:149,6,0,0
BRDA:149,6,1,0
BRDA:154,7,0,0
BRDA:154,7,1,0
BRDA:158,8,0,0
BRDA:158,8,1,0
BRDA:169,9,0,0
BRDA:169,9,1,0
BRDA:171,10,0,0
BRDA:171,10,1,0
BRDA:179,11,0,0
BRDA:179,11,1,0
BRDA:181,12,0,0
BRDA:181,12,1,0
BRDA:200,13,0,0
BRDA:200,13,1,0
BRDA:202,14,0,0
BRDA:202,14,1,0
BRF:33
BRH:0
end_of_record
TN:
SF:src/components/ComparisonView/ErrorDisplay.tsx
FN:56,ErrorDisplay
FN:69,(anonymous_1)
FNF:2
FNH:0
FNDA:0,ErrorDisplay
FNDA:0,(anonymous_1)
DA:69,0
DA:70,0
DA:71,0
DA:73,0
DA:74,0
DA:76,0
DA:77,0
DA:79,0
DA:82,0
LF:9
LH:0
BRDA:70,0,0,0
BRDA:73,1,0,0
BRDA:76,2,0,0
BRF:3
BRH:0
end_of_record
TN:
SF:src/components/MainView/BackgroundEffects.tsx
FN:37,(anonymous_0)
FNF:1
FNH:0
FNDA:0,(anonymous_0)
DA:37,0
DA:38,0
LF:2
LH:0
BRF:0
BRH:0
end_of_record
TN:
SF:src/components/MainView/Logo.tsx
FN:46,(anonymous_0)
FNF:1
FNH:0
FNDA:0,(anonymous_0)
DA:46,0
DA:47,0
LF:2
LH:0
BRDA:46,0,0,0
BRF:1
BRH:0
end_of_record
TN:
SF:src/components/MainView/MainView.tsx
FN:32,(anonymous_0)
FNF:1
FNH:0
FNDA:0,(anonymous_0)
DA:32,0
DA:34,0
DA:36,0
LF:3
LH:0
BRDA:46,0,0,0
BRDA:46,0,1,0
BRDA:57,1,0,0
BRDA:57,1,1,0
BRDA:58,2,0,0
BRDA:58,2,1,0
BRDA:78,3,0,0
BRDA:78,3,1,0
BRF:8
BRH:0
end_of_record
TN:
SF:src/components/MainView/ThemeToggle.tsx
FN:23,ThemeToggle
FNF:1
FNH:0
FNDA:0,ThemeToggle
DA:24,0
DA:26,0
LF:2
LH:0
BRDA:41,0,0,0
BRDA:41,0,1,0
BRDA:35,1,0,0
BRDA:35,1,1,0
BRF:4
BRH:0
end_of_record
TN:
SF:src/components/MainView/TopHeader.tsx
FN:27,(anonymous_0)
FNF:1
FNH:0
FNDA:0,(anonymous_0)
DA:27,0
DA:28,0
LF:2
LH:0
BRF:0
BRH:0
end_of_record
TN:
SF:src/components/RepositoryCard/CommitChart.tsx
FN:77,(anonymous_0)
FN:125,(anonymous_1)
FN:137,(anonymous_2)
FN:151,(anonymous_3)
FN:192,(anonymous_4)
FN:198,(anonymous_5)
FNF:6
FNH:0
FNDA:0,(anonymous_0)
FNDA:0,(anonymous_1)
FNDA:0,(anonymous_2)
FNDA:0,(anonymous_3)
FNDA:0,(anonymous_4)
FNDA:0,(anonymous_5)
DA:16,0
DA:77,0
DA:82,0
DA:94,0
DA:97,0
DA:98,0
DA:99,0
DA:105,0
DA:106,0
DA:109,0
DA:110,0
DA:111,0
DA:125,0
DA:126,0
DA:127,0
DA:128,0
DA:137,0
DA:138,0
DA:139,0
DA:140,0
DA:147,0
DA:151,0
DA:164,0
DA:193,0
DA:199,0
DA:223,0
DA:224,0
DA:230,0
DA:231,0
LF:29
LH:0
BRDA:94,0,0,0
BRDA:97,1,0,0
BRDA:98,2,0,0
BRDA:110,3,0,0
BRDA:127,4,0,0
BRDA:127,4,1,0
BRDA:151,5,0,0
BRDA:151,5,1,0
BRF:8
BRH:0
end_of_record
TN:
SF:src/components/RepositoryCard/RepositoryCard.tsx
FN:66,(anonymous_0)
FNF:1
FNH:1
FNDA:18,(anonymous_0)
DA:2,2
DA:3,2
DA:66,2
DA:67,18
LF:4
LH:4
BRDA:86,0,0,18
BRDA:86,0,1,17
BRDA:95,1,0,18
BRDA:95,1,1,17
BRDA:107,2,0,18
BRDA:107,2,1,17
BRDA:120,3,0,18
BRDA:120,3,1,17
BRDA:133,4,0,18
BRDA:133,4,1,18
BRDA:138,5,0,0
BRDA:138,5,1,18
BRF:12
BRH:11
end_of_record
TN:
SF:src/components/RepositoryList/FilterControls.tsx
FN:88,FilterControls
FN:110,(anonymous_1)
FN:125,(anonymous_2)
FN:134,(anonymous_3)
FN:146,(anonymous_4)
FNF:5
FNH:5
FNDA:16,FilterControls
FNDA:1,(anonymous_1)
FNDA:2,(anonymous_2)
FNDA:34,(anonymous_3)
FNDA:2,(anonymous_4)
DA:1,2
DA:7,2
DA:88,2
DA:99,16
DA:110,1
DA:125,2
DA:135,34
DA:146,2
LF:8
LH:8
BRDA:169,0,0,2
BRDA:169,0,1,14
BRDA:172,1,0,2
BRDA:172,1,1,14
BRF:4
BRH:4
end_of_record
TN:
SF:src/components/RepositoryList/Pagination.tsx
FN:64,Pagination
FN:71,(anonymous_1)
FN:84,(anonymous_2)
FN:106,(anonymous_3)
FNF:4
FNH:4
FNDA:21,Pagination
FNDA:2,(anonymous_1)
FNDA:1,(anonymous_2)
FNDA:1,(anonymous_3)
DA:1,2
DA:64,2
DA:69,21
DA:71,10
DA:72,2
DA:73,2
DA:77,10
DA:84,1
DA:106,1
LF:9
LH:9
BRDA:69,0,0,11
BRDA:72,1,0,2
BRDA:72,2,0,2
BRDA:72,2,1,2
BRF:4
BRH:4
end_of_record
TN:
SF:src/components/RepositoryList/RepositoryList.tsx
FN:70,RepositoryList
FN:125,(anonymous_1)
FN:125,(anonymous_2)
FN:141,(anonymous_3)
FNF:4
FNH:4
FNDA:10,RepositoryList
FNDA:1,(anonymous_1)
FNDA:1,(anonymous_2)
FNDA:14,(anonymous_3)
DA:2,1
DA:3,1
DA:4,1
DA:5,1
DA:70,1
DA:97,10
DA:105,10
DA:111,10
DA:113,10
DA:125,1
DA:142,14
LF:11
LH:11
BRDA:125,0,0,0
BRDA:125,0,1,1
BRDA:131,1,0,10
BRDA:131,1,1,1
BRDA:136,2,0,10
BRDA:136,2,1,1
BRDA:141,3,0,10
BRDA:141,3,1,10
BRF:8
BRH:7
end_of_record
TN:
SF:src/components/SearchForm/SearchForm.tsx
FN:57,(anonymous_0)
FN:77,(anonymous_1)
FN:84,(anonymous_2)
FN:92,(anonymous_3)
FN:117,(anonymous_4)
FNF:5
FNH:2
FNDA:3,(anonymous_0)
FNDA:0,(anonymous_1)
FNDA:0,(anonymous_2)
FNDA:2,(anonymous_3)
FNDA:0,(anonymous_4)
DA:1,1
DA:3,1
DA:4,1
DA:57,1
DA:75,3
DA:77,3
DA:78,0
DA:79,0
DA:80,0
DA:81,0
DA:84,3
DA:85,0
DA:86,0
DA:87,0
DA:90,3
DA:93,2
DA:94,2
DA:95,1
DA:96,1
DA:117,0
LF:20
LH:12
BRDA:61,0,0,0
BRDA:62,1,0,3
BRDA:63,2,0,3
BRDA:94,3,0,1
BRDA:139,4,0,3
BRDA:139,4,1,0
BRDA:149,5,0,3
BRDA:149,5,1,0
BRDA:149,5,2,0
BRF:9
BRH:5
end_of_record
TN:
SF:src/components/SearchForm/SearchSuggestions.tsx
FN:70,(anonymous_0)
FN:76,(anonymous_1)
FN:93,(anonymous_2)
FN:97,(anonymous_3)
FNF:4
FNH:0
FNDA:0,(anonymous_0)
FNDA:0,(anonymous_1)
FNDA:0,(anonymous_2)
FNDA:0,(anonymous_3)
DA:70,1
DA:76,0
DA:78,0
DA:94,0
DA:97,0
LF:5
LH:1
BRDA:76,0,0,0
BRDA:76,0,1,0
BRDA:76,1,0,0
BRDA:76,1,1,0
BRDA:83,2,0,0
BRDA:83,2,1,0
BRDA:87,3,0,0
BRDA:87,3,1,0
BRDA:109,4,0,0
BRDA:109,4,1,0
BRF:10
BRH:0
end_of_record
TN:
SF:src/components/UserSection/UserProfile.tsx
FN:82,UserProfile
FNF:1
FNH:0
FNDA:0,UserProfile
DA:89,0
LF:1
LH:0
BRDA:98,0,0,0
BRDA:98,0,1,0
BRDA:112,1,0,0
BRDA:112,1,1,0
BRDA:117,2,0,0
BRDA:117,2,1,0
BRDA:123,3,0,0
BRDA:123,3,1,0
BRDA:126,4,0,0
BRDA:126,4,1,0
BRDA:126,5,0,0
BRDA:126,5,1,0
BRDA:127,6,0,0
BRDA:127,6,1,0
BRF:14
BRH:0
end_of_record
TN:
SF:src/components/UserSection/UserSection.tsx
FN:93,UserSection
FNF:1
FNH:0
FNDA:0,UserSection
DA:100,0
LF:1
LH:0
BRDA:102,0,0,0
BRDA:102,0,1,0
BRF:2
BRH:0
end_of_record
TN:
SF:src/components/UserSection/UserSocialStats.tsx
FN:77,UserSocialStats
FN:116,(anonymous_1)
FN:120,(anonymous_2)
FNF:3
FNH:0
FNDA:0,UserSocialStats
FNDA:0,(anonymous_1)
FNDA:0,(anonymous_2)
DA:78,0
DA:116,0
DA:120,0
LF:3
LH:0
BRDA:95,0,0,0
BRDA:95,0,1,0
BRDA:102,1,0,0
BRDA:102,1,1,0
BRDA:106,2,0,0
BRDA:106,2,1,0
BRDA:116,3,0,0
BRDA:116,3,1,0
BRF:8
BRH:0
end_of_record
TN:
SF:src/components/UserSection/UserStatsGrid.tsx
FN:73,UserStatsGrid
FN:82,(anonymous_1)
FN:124,(anonymous_2)
FNF:3
FNH:0
FNDA:0,UserStatsGrid
FNDA:0,(anonymous_1)
FNDA:0,(anonymous_2)
DA:81,0
DA:82,0
DA:93,0
DA:121,0
DA:125,0
LF:5
LH:0
BRDA:128,0,0,0
BRDA:128,0,1,0
BRDA:130,1,0,0
BRDA:130,1,1,0
BRDA:134,2,0,0
BRDA:134,2,1,0
BRF:6
BRH:0
end_of_record
TN:
SF:src/graphql/queries.ts
FNF:0
FNH:0
DA:1,1
DA:26,1
DA:76,1
DA:135,1
DA:195,1
DA:233,1
LF:6
LH:6
BRF:0
BRH:0
end_of_record
TN:
SF:src/hooks/useComparisonState.ts
FN:75,useComparisonState
FN:91,(anonymous_1)
FN:93,(anonymous_2)
FN:103,(anonymous_3)
FN:104,(anonymous_4)
FNF:5
FNH:0
FNDA:0,useComparisonState
FNDA:0,(anonymous_1)
FNDA:0,(anonymous_2)
FNDA:0,(anonymous_3)
FNDA:0,(anonymous_4)
DA:79,0
DA:91,0
DA:92,0
DA:93,0
DA:103,0
DA:104,0
DA:112,0
LF:7
LH:0
BRF:0
BRH:0
end_of_record
TN:
SF:src/hooks/useGitHubRank.ts
FN:9,exponentialCdf
FN:18,logNormalCdf
FN:57,useGitHubRank
FN:58,(anonymous_3)
FN:67,(anonymous_4)
FN:71,(anonymous_5)
FNF:6
FNH:6
FNDA:56,exponentialCdf
FNDA:28,logNormalCdf
FNDA:10,useGitHubRank
FNDA:10,(anonymous_3)
FNDA:14,(anonymous_4)
FNDA:26,(anonymous_5)
DA:1,1
DA:10,56
DA:19,28
DA:57,1
DA:58,10
DA:59,10
DA:67,7
DA:69,14
DA:70,14
DA:71,26
DA:74,14
DA:75,14
DA:76,14
DA:77,14
DA:88,14
DA:89,14
DA:90,14
DA:91,14
DA:92,14
DA:93,14
DA:95,14
DA:96,14
DA:97,14
DA:98,14
DA:99,14
DA:100,14
DA:103,14
DA:112,14
DA:121,14
DA:134,14
DA:137,7
DA:138,7
DA:140,7
DA:141,7
DA:149,7
LF:35
LH:35
BRDA:59,0,0,3
BRDA:59,1,0,10
BRDA:59,1,1,8
BRDA:140,2,0,5
BRDA:140,2,1,2
BRF:5
BRH:5
end_of_record
TN:
SF:src/hooks/useRepositoryFiltering.ts
FN:25,useRepositoryFiltering
FN:43,(anonymous_1)
FN:45,(anonymous_2)
FN:50,(anonymous_3)
FN:76,(anonymous_4)
FN:78,(anonymous_5)
FN:79,(anonymous_6)
FNF:7
FNH:7
FNDA:10,useRepositoryFiltering
FNDA:10,(anonymous_1)
FNDA:16,(anonymous_2)
FNDA:6,(anonymous_3)
FNDA:10,(anonymous_4)
FNDA:16,(anonymous_5)
FNDA:16,(anonymous_6)
DA:1,1
DA:25,1
DA:27,10
DA:29,10
DA:31,10
DA:33,10
DA:35,10
DA:37,10
DA:43,10
DA:44,10
DA:46,16
DA:47,16
DA:48,16
DA:51,6
DA:52,6
DA:54,6
DA:56,0
DA:58,0
DA:60,0
DA:64,10
DA:65,10
DA:66,10
DA:76,10
DA:77,10
DA:78,16
DA:79,16
DA:80,10
DA:83,10
LF:28
LH:25
BRDA:47,0,0,16
BRDA:47,0,1,2
BRDA:48,1,0,16
BRDA:48,1,1,15
BRDA:51,2,0,1
BRDA:51,2,1,5
BRDA:52,3,0,6
BRDA:52,3,1,0
BRDA:52,3,2,0
BRDA:52,3,3,0
BRF:10
BRH:7
end_of_record
TN:
SF:src/hooks/useSearch.ts
FN:6,(anonymous_1)
FN:19,(anonymous_2)
FN:24,(anonymous_3)
FN:25,(anonymous_4)
FN:32,(anonymous_5)
FN:35,(anonymous_6)
FN:36,(anonymous_7)
FN:47,(anonymous_8)
FN:50,(anonymous_9)
FN:51,(anonymous_10)
FNF:10
FNH:7
FNDA:3,(anonymous_1)
FNDA:0,(anonymous_2)
FNDA:3,(anonymous_3)
FNDA:0,(anonymous_4)
FNDA:3,(anonymous_5)
FNDA:3,(anonymous_6)
FNDA:0,(anonymous_7)
FNDA:3,(anonymous_8)
FNDA:3,(anonymous_9)
FNDA:3,(anonymous_10)
DA:1,1
DA:2,1
DA:3,1
DA:4,1
DA:6,1
DA:7,3
DA:8,3
DA:9,3
DA:10,3
DA:12,3
DA:18,3
DA:20,0
DA:24,3
DA:25,3
DA:26,0
DA:27,0
DA:31,3
DA:32,3
DA:35,3
DA:36,3
DA:37,0
DA:41,0
DA:42,0
DA:46,3
DA:47,3
DA:50,3
DA:51,3
DA:52,3
DA:56,3
LF:29
LH:23
BRDA:26,0,0,0
BRDA:26,1,0,0
BRDA:26,1,1,0
BRDA:37,2,0,0
BRDA:38,3,0,0
BRDA:38,3,1,0
BRF:6
BRH:0
end_of_record
TN:
SF:src/hooks/useUserQueries.ts
FN:63,useUserQueries
FNF:1
FNH:0
FNDA:0,useUserQueries
DA:65,0
DA:71,0
DA:77,0
DA:83,0
DA:92,0
DA:93,0
DA:95,0
LF:7
LH:0
BRDA:67,0,0,0
BRDA:67,0,1,0
BRDA:73,1,0,0
BRDA:73,1,1,0
BRDA:79,2,0,0
BRDA:79,2,1,0
BRDA:83,3,0,0
BRDA:83,3,1,0
BRDA:83,4,0,0
BRDA:83,4,1,0
BRDA:83,4,2,0
BRDA:92,5,0,0
BRDA:92,5,1,0
BRDA:92,5,2,0
BRDA:92,5,3,0
BRDA:93,6,0,0
BRDA:93,6,1,0
BRDA:93,6,2,0
BRDA:93,6,3,0
BRF:19
BRH:0
end_of_record
